[ 2017-07-05T13:31:25+08:00 ] 172.19.111.44 180.153.236.101 GET /jyj/index/weibo.html
[ log ] www.shuangdeyu.com/jyj/index/weibo.html [运行时间：0.005617s][吞吐率：178.03req/s] [内存消耗：686.76kb] [文件加载：56]
[ info ] [ LANG ] /data/wwwroot/www.shuangdeyu.com/jyj/thinkphp/lang/zh-cn.php
[ info ] [ BIND ] 'index'
[ info ] [ ROUTE ] array (
  'type' => 'module',
  'module' => 
  array (
    0 => 'index',
    1 => 'index',
    2 => 'weibo',
  ),
)
[ info ] [ HEADER ] array (
  'host' => 'www.shuangdeyu.com',
  'accept-encoding' => 'deflate, gzip',
  'referer' => 'http://www.shuangdeyu.com/jyj/index/weibo.html',
  'cookie' => '',
  'accept' => '*/*',
  'accept-language' => 'zh-CN',
  'connection' => 'Keep-Alive',
  'user-agent' => 'Mozilla/5.0 (Windows NT 6.1; WOW64) AppleWebKit/537.36 (KHTML, like Gecko) Chrome/50.0.2661.102 Safari/537.36; 360Spider',
  'content-type' => '',
  'content-length' => '',
)
[ info ] [ PARAM ] array (
)
[ info ] [ RUN ] app\index\controller\Index->weibo[ /data/wwwroot/www.shuangdeyu.com/jyj/application/index/controller/Index.php ]
[ info ] [ DB ] INIT mysql
[ info ] [ VIEW ] /data/wwwroot/www.shuangdeyu.com/jyj/application/index/view/index/weibo.html [ array (
  0 => 'list',
) ]
[ info ] [ LOG ] INIT File
[ sql ] [ DB ] CONNECT:[ UseTime:0.000235s ] mysql:dbname=mycard;host=localhost;port=3306;charset=utf8
[ sql ] [ SQL ] SHOW COLUMNS FROM `tp_weibo` [ RunTime:0.000613s ]
[ sql ] [ SQL ] SELECT * FROM `tp_weibo` ORDER BY id desc [ RunTime:0.000141s ]

---------------------------------------------------------------
[ 2017-07-05T13:31:26+08:00 ] 172.19.111.44 42.236.101.194 GET /jyj/index/card.html
[ log ] www.shuangdeyu.com/jyj/index/card.html [运行时间：0.003596s][吞吐率：278.10req/s] [内存消耗：498.30kb] [文件加载：49]
[ info ] [ LANG ] /data/wwwroot/www.shuangdeyu.com/jyj/thinkphp/lang/zh-cn.php
[ info ] [ BIND ] 'index'
[ info ] [ ROUTE ] array (
  'type' => 'module',
  'module' => 
  array (
    0 => 'index',
    1 => 'index',
    2 => 'card',
  ),
)
[ info ] [ HEADER ] array (
  'host' => 'www.shuangdeyu.com',
  'accept-encoding' => 'deflate, gzip',
  'referer' => 'http://www.shuangdeyu.com/jyj/index/card.html',
  'cookie' => '',
  'accept' => '*/*',
  'accept-language' => 'zh-CN',
  'connection' => 'Keep-Alive',
  'user-agent' => 'Mozilla/5.0 (Windows NT 6.1; WOW64) AppleWebKit/537.36 (KHTML, like Gecko) Chrome/50.0.2661.102 Safari/537.36; 360Spider',
  'content-type' => '',
  'content-length' => '',
)
[ info ] [ PARAM ] array (
)
[ info ] [ RUN ] app\index\controller\Index->card[ /data/wwwroot/www.shuangdeyu.com/jyj/application/index/controller/Index.php ]
[ info ] [ VIEW ] /data/wwwroot/www.shuangdeyu.com/jyj/application/index/view/index/card.html [ array (
) ]
[ info ] [ LOG ] INIT File

---------------------------------------------------------------
[ 2017-07-05T16:31:55+08:00 ] 172.19.111.44 116.230.206.138 GET /jyj/
[ log ] www.shuangdeyu.com/jyj/ [运行时间：0.003811s][吞吐率：262.41req/s] [内存消耗：489.89kb] [文件加载：49]
[ info ] [ LANG ] /data/wwwroot/www.shuangdeyu.com/jyj/thinkphp/lang/zh-cn.php
[ info ] [ BIND ] 'index'
[ info ] [ ROUTE ] array (
  'type' => 'module',
  'module' => 
  array (
    0 => 'index',
    1 => NULL,
    2 => NULL,
  ),
)
[ info ] [ HEADER ] array (
  'host' => 'www.shuangdeyu.com',
  'connection' => 'keep-alive',
  'upgrade-insecure-requests' => '1',
  'user-agent' => 'Mozilla/5.0 (Windows NT 10.0; Win64; x64) AppleWebKit/537.36 (KHTML, like Gecko) Chrome/58.0.3029.110 Safari/537.36',
  'accept' => 'text/html,application/xhtml+xml,application/xml;q=0.9,image/webp,*/*;q=0.8',
  'accept-encoding' => 'gzip, deflate, sdch',
  'accept-language' => 'zh-CN,zh;q=0.8',
  'content-type' => '',
  'content-length' => '',
)
[ info ] [ PARAM ] array (
)
[ info ] [ RUN ] app\index\controller\Index->index[ /data/wwwroot/www.shuangdeyu.com/jyj/application/index/controller/Index.php ]
[ info ] [ VIEW ] /data/wwwroot/www.shuangdeyu.com/jyj/application/index/view/index/index.html [ array (
) ]
[ info ] [ LOG ] INIT File

---------------------------------------------------------------
[ 2017-07-05T16:32:07+08:00 ] 172.19.111.44 116.230.206.138 GET /jyj/photo/shan.html
[ log ] www.shuangdeyu.com/jyj/photo/shan.html [运行时间：0.004943s][吞吐率：202.30req/s] [内存消耗：617.74kb] [文件加载：54]
[ info ] [ LANG ] /data/wwwroot/www.shuangdeyu.com/jyj/thinkphp/lang/zh-cn.php
[ info ] [ BIND ] 'index'
[ info ] [ ROUTE ] array (
  'type' => 'module',
  'module' => 
  array (
    0 => 'index',
    1 => 'photo',
    2 => 'shan',
  ),
)
[ info ] [ HEADER ] array (
  'host' => 'www.shuangdeyu.com',
  'connection' => 'keep-alive',
  'upgrade-insecure-requests' => '1',
  'user-agent' => 'Mozilla/5.0 (Windows NT 10.0; Win64; x64) AppleWebKit/537.36 (KHTML, like Gecko) Chrome/58.0.3029.110 Safari/537.36',
  'accept' => 'text/html,application/xhtml+xml,application/xml;q=0.9,image/webp,*/*;q=0.8',
  'referer' => 'http://www.shuangdeyu.com/jyj/',
  'accept-encoding' => 'gzip, deflate, sdch',
  'accept-language' => 'zh-CN,zh;q=0.8',
  'content-type' => '',
  'content-length' => '',
)
[ info ] [ PARAM ] array (
)
[ info ] [ RUN ] app\index\controller\Photo->shan[ /data/wwwroot/www.shuangdeyu.com/jyj/application/index/controller/Photo.php ]
[ info ] [ DB ] INIT mysql
[ info ] [ VIEW ] /data/wwwroot/www.shuangdeyu.com/jyj/application/index/view/photo/shan.html [ array (
  0 => 'data',
) ]
[ info ] [ LOG ] INIT File
[ sql ] [ DB ] CONNECT:[ UseTime:0.000215s ] mysql:dbname=mycard;host=localhost;port=3306;charset=utf8
[ sql ] [ SQL ] SHOW COLUMNS FROM `tp_photo` [ RunTime:0.000646s ]
[ sql ] [ SQL ] SELECT `p`.`id`,`p`.`content`,`i`.`pic_url` FROM `tp_photo` `p` INNER JOIN `tp_images` `i` ON `p`.`id`=i.target_id and i.target = 0 WHERE  `p`.`type` = 0 [ RunTime:0.000173s ]

---------------------------------------------------------------
[ 2017-07-05T16:32:14+08:00 ] 172.19.111.44 116.230.206.138 GET /jyj/photo/ren.html
[ log ] www.shuangdeyu.com/jyj/photo/ren.html [运行时间：0.005865s][吞吐率：170.50req/s] [内存消耗：632.77kb] [文件加载：54]
[ info ] [ LANG ] /data/wwwroot/www.shuangdeyu.com/jyj/thinkphp/lang/zh-cn.php
[ info ] [ BIND ] 'index'
[ info ] [ ROUTE ] array (
  'type' => 'module',
  'module' => 
  array (
    0 => 'index',
    1 => 'photo',
    2 => 'ren',
  ),
)
[ info ] [ HEADER ] array (
  'host' => 'www.shuangdeyu.com',
  'connection' => 'keep-alive',
  'upgrade-insecure-requests' => '1',
  'user-agent' => 'Mozilla/5.0 (Windows NT 10.0; Win64; x64) AppleWebKit/537.36 (KHTML, like Gecko) Chrome/58.0.3029.110 Safari/537.36',
  'accept' => 'text/html,application/xhtml+xml,application/xml;q=0.9,image/webp,*/*;q=0.8',
  'referer' => 'http://www.shuangdeyu.com/jyj/photo/shan.html',
  'accept-encoding' => 'gzip, deflate, sdch',
  'accept-language' => 'zh-CN,zh;q=0.8',
  'content-type' => '',
  'content-length' => '',
)
[ info ] [ PARAM ] array (
)
[ info ] [ RUN ] app\index\controller\Photo->ren[ /data/wwwroot/www.shuangdeyu.com/jyj/application/index/controller/Photo.php ]
[ info ] [ DB ] INIT mysql
[ info ] [ VIEW ] /data/wwwroot/www.shuangdeyu.com/jyj/application/index/view/photo/ren.html [ array (
  0 => 'con',
  1 => 'img',
) ]
[ info ] [ LOG ] INIT File
[ sql ] [ DB ] CONNECT:[ UseTime:0.000212s ] mysql:dbname=mycard;host=localhost;port=3306;charset=utf8
[ sql ] [ SQL ] SHOW COLUMNS FROM `tp_photo` [ RunTime:0.000643s ]
[ sql ] [ SQL ] SELECT * FROM `tp_photo` WHERE  `type` = 1 LIMIT 1 [ RunTime:0.000168s ]
[ sql ] [ SQL ] SHOW COLUMNS FROM `tp_images` [ RunTime:0.000459s ]
[ sql ] [ SQL ] SELECT * FROM `tp_images` WHERE  `target_id` = 4  AND `target` = 0 [ RunTime:0.000131s ]

---------------------------------------------------------------
[ 2017-07-05T16:32:32+08:00 ] 172.19.111.44 116.230.206.138 GET /jyj/photo/xian.html
[ log ] www.shuangdeyu.com/jyj/photo/xian.html [运行时间：0.005465s][吞吐率：182.99req/s] [内存消耗：623.53kb] [文件加载：54]
[ info ] [ LANG ] /data/wwwroot/www.shuangdeyu.com/jyj/thinkphp/lang/zh-cn.php
[ info ] [ BIND ] 'index'
[ info ] [ ROUTE ] array (
  'type' => 'module',
  'module' => 
  array (
    0 => 'index',
    1 => 'photo',
    2 => 'xian',
  ),
)
[ info ] [ HEADER ] array (
  'host' => 'www.shuangdeyu.com',
  'connection' => 'keep-alive',
  'upgrade-insecure-requests' => '1',
  'user-agent' => 'Mozilla/5.0 (Windows NT 10.0; Win64; x64) AppleWebKit/537.36 (KHTML, like Gecko) Chrome/58.0.3029.110 Safari/537.36',
  'accept' => 'text/html,application/xhtml+xml,application/xml;q=0.9,image/webp,*/*;q=0.8',
  'referer' => 'http://www.shuangdeyu.com/jyj/photo/ren.html',
  'accept-encoding' => 'gzip, deflate, sdch',
  'accept-language' => 'zh-CN,zh;q=0.8',
  'content-type' => '',
  'content-length' => '',
)
[ info ] [ PARAM ] array (
)
[ info ] [ RUN ] app\index\controller\Photo->xian[ /data/wwwroot/www.shuangdeyu.com/jyj/application/index/controller/Photo.php ]
[ info ] [ DB ] INIT mysql
[ info ] [ VIEW ] /data/wwwroot/www.shuangdeyu.com/jyj/application/index/view/photo/xian.html [ array (
  0 => 'con',
  1 => 'img',
) ]
[ info ] [ LOG ] INIT File
[ sql ] [ DB ] CONNECT:[ UseTime:0.000228s ] mysql:dbname=mycard;host=localhost;port=3306;charset=utf8
[ sql ] [ SQL ] SHOW COLUMNS FROM `tp_photo` [ RunTime:0.000657s ]
[ sql ] [ SQL ] SELECT * FROM `tp_photo` WHERE  `type` = 2 LIMIT 1 [ RunTime:0.000153s ]
[ sql ] [ SQL ] SHOW COLUMNS FROM `tp_images` [ RunTime:0.000461s ]
[ sql ] [ SQL ] SELECT * FROM `tp_images` WHERE  `target_id` = 5  AND `target` = 0 [ RunTime:0.000133s ]

---------------------------------------------------------------
[ 2017-07-05T16:32:39+08:00 ] 172.19.111.44 116.230.206.138 GET /jyj/photo/view.html
[ log ] www.shuangdeyu.com/jyj/photo/view.html [运行时间：0.005010s][吞吐率：199.60req/s] [内存消耗：622.29kb] [文件加载：54]
[ info ] [ LANG ] /data/wwwroot/www.shuangdeyu.com/jyj/thinkphp/lang/zh-cn.php
[ info ] [ BIND ] 'index'
[ info ] [ ROUTE ] array (
  'type' => 'module',
  'module' => 
  array (
    0 => 'index',
    1 => 'photo',
    2 => 'view',
  ),
)
[ info ] [ HEADER ] array (
  'host' => 'www.shuangdeyu.com',
  'connection' => 'keep-alive',
  'upgrade-insecure-requests' => '1',
  'user-agent' => 'Mozilla/5.0 (Windows NT 10.0; Win64; x64) AppleWebKit/537.36 (KHTML, like Gecko) Chrome/58.0.3029.110 Safari/537.36',
  'accept' => 'text/html,application/xhtml+xml,application/xml;q=0.9,image/webp,*/*;q=0.8',
  'referer' => 'http://www.shuangdeyu.com/jyj/photo/xian.html',
  'accept-encoding' => 'gzip, deflate, sdch',
  'accept-language' => 'zh-CN,zh;q=0.8',
  'content-type' => '',
  'content-length' => '',
)
[ info ] [ PARAM ] array (
)
[ info ] [ RUN ] app\index\controller\Photo->view[ /data/wwwroot/www.shuangdeyu.com/jyj/application/index/controller/Photo.php ]
[ info ] [ DB ] INIT mysql
[ info ] [ VIEW ] /data/wwwroot/www.shuangdeyu.com/jyj/application/index/view/photo/view.html [ array (
  0 => 'img',
) ]
[ info ] [ LOG ] INIT File
[ sql ] [ DB ] CONNECT:[ UseTime:0.000208s ] mysql:dbname=mycard;host=localhost;port=3306;charset=utf8
[ sql ] [ SQL ] SHOW COLUMNS FROM `tp_images` [ RunTime:0.000673s ]
[ sql ] [ SQL ] SELECT * FROM `tp_images` WHERE  `target` = 1 [ RunTime:0.000149s ]

---------------------------------------------------------------
[ 2017-07-05T16:33:10+08:00 ] 172.19.111.44 116.230.206.138 GET /jyj/index/weibo.html
[ log ] www.shuangdeyu.com/jyj/index/weibo.html [运行时间：0.005401s][吞吐率：185.15req/s] [内存消耗：628.48kb] [文件加载：54]
[ info ] [ LANG ] /data/wwwroot/www.shuangdeyu.com/jyj/thinkphp/lang/zh-cn.php
[ info ] [ BIND ] 'index'
[ info ] [ ROUTE ] array (
  'type' => 'module',
  'module' => 
  array (
    0 => 'index',
    1 => 'index',
    2 => 'weibo',
  ),
)
[ info ] [ HEADER ] array (
  'host' => 'www.shuangdeyu.com',
  'connection' => 'keep-alive',
  'upgrade-insecure-requests' => '1',
  'user-agent' => 'Mozilla/5.0 (Windows NT 10.0; Win64; x64) AppleWebKit/537.36 (KHTML, like Gecko) Chrome/58.0.3029.110 Safari/537.36',
  'accept' => 'text/html,application/xhtml+xml,application/xml;q=0.9,image/webp,*/*;q=0.8',
  'referer' => 'http://www.shuangdeyu.com/jyj/photo/view.html',
  'accept-encoding' => 'gzip, deflate, sdch',
  'accept-language' => 'zh-CN,zh;q=0.8',
  'content-type' => '',
  'content-length' => '',
)
[ info ] [ PARAM ] array (
)
[ info ] [ RUN ] app\index\controller\Index->weibo[ /data/wwwroot/www.shuangdeyu.com/jyj/application/index/controller/Index.php ]
[ info ] [ DB ] INIT mysql
[ info ] [ VIEW ] /data/wwwroot/www.shuangdeyu.com/jyj/application/index/view/index/weibo.html [ array (
  0 => 'list',
) ]
[ info ] [ LOG ] INIT File
[ sql ] [ DB ] CONNECT:[ UseTime:0.000226s ] mysql:dbname=mycard;host=localhost;port=3306;charset=utf8
[ sql ] [ SQL ] SHOW COLUMNS FROM `tp_weibo` [ RunTime:0.000688s ]
[ sql ] [ SQL ] SELECT * FROM `tp_weibo` ORDER BY id desc [ RunTime:0.000167s ]

---------------------------------------------------------------
[ 2017-07-05T16:33:36+08:00 ] 172.19.111.44 116.230.206.138 GET /jyj/index/card.html
[ log ] www.shuangdeyu.com/jyj/index/card.html [运行时间：0.002992s][吞吐率：334.23req/s] [内存消耗：443.77kb] [文件加载：47]
[ info ] [ LANG ] /data/wwwroot/www.shuangdeyu.com/jyj/thinkphp/lang/zh-cn.php
[ info ] [ BIND ] 'index'
[ info ] [ ROUTE ] array (
  'type' => 'module',
  'module' => 
  array (
    0 => 'index',
    1 => 'index',
    2 => 'card',
  ),
)
[ info ] [ HEADER ] array (
  'host' => 'www.shuangdeyu.com',
  'connection' => 'keep-alive',
  'upgrade-insecure-requests' => '1',
  'user-agent' => 'Mozilla/5.0 (Windows NT 10.0; Win64; x64) AppleWebKit/537.36 (KHTML, like Gecko) Chrome/58.0.3029.110 Safari/537.36',
  'accept' => 'text/html,application/xhtml+xml,application/xml;q=0.9,image/webp,*/*;q=0.8',
  'referer' => 'http://www.shuangdeyu.com/jyj/index/weibo.html',
  'accept-encoding' => 'gzip, deflate, sdch',
  'accept-language' => 'zh-CN,zh;q=0.8',
  'content-type' => '',
  'content-length' => '',
)
[ info ] [ PARAM ] array (
)
[ info ] [ RUN ] app\index\controller\Index->card[ /data/wwwroot/www.shuangdeyu.com/jyj/application/index/controller/Index.php ]
[ info ] [ VIEW ] /data/wwwroot/www.shuangdeyu.com/jyj/application/index/view/index/card.html [ array (
) ]
[ info ] [ LOG ] INIT File

---------------------------------------------------------------
[ 2017-07-05T16:34:05+08:00 ] 172.19.111.44 116.230.206.138 GET /jyj/index/weibo.html
[ log ] www.shuangdeyu.com/jyj/index/weibo.html [运行时间：0.004419s][吞吐率：226.30req/s] [内存消耗：626.02kb] [文件加载：54]
[ info ] [ LANG ] /data/wwwroot/www.shuangdeyu.com/jyj/thinkphp/lang/zh-cn.php
[ info ] [ BIND ] 'index'
[ info ] [ ROUTE ] array (
  'type' => 'module',
  'module' => 
  array (
    0 => 'index',
    1 => 'index',
    2 => 'weibo',
  ),
)
[ info ] [ HEADER ] array (
  'host' => 'www.shuangdeyu.com',
  'connection' => 'keep-alive',
  'upgrade-insecure-requests' => '1',
  'user-agent' => 'Mozilla/5.0 (Windows NT 10.0; Win64; x64) AppleWebKit/537.36 (KHTML, like Gecko) Chrome/58.0.3029.110 Safari/537.36',
  'accept' => 'text/html,application/xhtml+xml,application/xml;q=0.9,image/webp,*/*;q=0.8',
  'referer' => 'http://www.shuangdeyu.com/jyj/index/card.html',
  'accept-encoding' => 'gzip, deflate, sdch',
  'accept-language' => 'zh-CN,zh;q=0.8',
  'content-type' => '',
  'content-length' => '',
)
[ info ] [ PARAM ] array (
)
[ info ] [ RUN ] app\index\controller\Index->weibo[ /data/wwwroot/www.shuangdeyu.com/jyj/application/index/controller/Index.php ]
[ info ] [ DB ] INIT mysql
[ info ] [ VIEW ] /data/wwwroot/www.shuangdeyu.com/jyj/application/index/view/index/weibo.html [ array (
  0 => 'list',
) ]
[ info ] [ LOG ] INIT File
[ sql ] [ DB ] CONNECT:[ UseTime:0.000218s ] mysql:dbname=mycard;host=localhost;port=3306;charset=utf8
[ sql ] [ SQL ] SHOW COLUMNS FROM `tp_weibo` [ RunTime:0.000641s ]
[ sql ] [ SQL ] SELECT * FROM `tp_weibo` ORDER BY id desc [ RunTime:0.000133s ]

---------------------------------------------------------------
[ 2017-07-05T16:34:07+08:00 ] 172.19.111.44 116.230.206.138 GET /jyj/movie/index.html
[ log ] www.shuangdeyu.com/jyj/movie/index.html [运行时间：0.005022s][吞吐率：199.12req/s] [内存消耗：849.34kb] [文件加载：54]
[ info ] [ LANG ] /data/wwwroot/www.shuangdeyu.com/jyj/thinkphp/lang/zh-cn.php
[ info ] [ BIND ] 'index'
[ info ] [ ROUTE ] array (
  'type' => 'module',
  'module' => 
  array (
    0 => 'index',
    1 => 'movie',
    2 => 'index',
  ),
)
[ info ] [ HEADER ] array (
  'host' => 'www.shuangdeyu.com',
  'connection' => 'keep-alive',
  'upgrade-insecure-requests' => '1',
  'user-agent' => 'Mozilla/5.0 (Windows NT 10.0; Win64; x64) AppleWebKit/537.36 (KHTML, like Gecko) Chrome/58.0.3029.110 Safari/537.36',
  'accept' => 'text/html,application/xhtml+xml,application/xml;q=0.9,image/webp,*/*;q=0.8',
  'referer' => 'http://www.shuangdeyu.com/jyj/index/weibo.html',
  'accept-encoding' => 'gzip, deflate, sdch',
  'accept-language' => 'zh-CN,zh;q=0.8',
  'content-type' => '',
  'content-length' => '',
)
[ info ] [ PARAM ] array (
)
[ info ] [ RUN ] app\index\controller\Movie->index[ /data/wwwroot/www.shuangdeyu.com/jyj/application/index/controller/Movie.php ]
[ info ] [ DB ] INIT mysql
[ info ] [ VIEW ] /data/wwwroot/www.shuangdeyu.com/jyj/application/index/view/movie/index.html [ array (
  0 => 'list',
) ]
[ info ] [ LOG ] INIT File
[ sql ] [ DB ] CONNECT:[ UseTime:0.000214s ] mysql:dbname=mycard;host=localhost;port=3306;charset=utf8
[ sql ] [ SQL ] SHOW COLUMNS FROM `tp_movie` [ RunTime:0.000733s ]
[ sql ] [ SQL ] SELECT * FROM `tp_movie` ORDER BY id desc [ RunTime:0.000247s ]

---------------------------------------------------------------
[ 2017-07-05T16:34:50+08:00 ] 172.19.111.44 116.230.206.138 GET /jyj/movie/content.html?mid=3
[ log ] www.shuangdeyu.com/jyj/movie/content.html?mid=3 [运行时间：0.005264s][吞吐率：189.97req/s] [内存消耗：641.91kb] [文件加载：54]
[ info ] [ LANG ] /data/wwwroot/www.shuangdeyu.com/jyj/thinkphp/lang/zh-cn.php
[ info ] [ BIND ] 'index'
[ info ] [ ROUTE ] array (
  'type' => 'module',
  'module' => 
  array (
    0 => 'index',
    1 => 'movie',
    2 => 'content',
  ),
)
[ info ] [ HEADER ] array (
  'host' => 'www.shuangdeyu.com',
  'connection' => 'keep-alive',
  'upgrade-insecure-requests' => '1',
  'user-agent' => 'Mozilla/5.0 (Windows NT 10.0; Win64; x64) AppleWebKit/537.36 (KHTML, like Gecko) Chrome/58.0.3029.110 Safari/537.36',
  'accept' => 'text/html,application/xhtml+xml,application/xml;q=0.9,image/webp,*/*;q=0.8',
  'referer' => 'http://www.shuangdeyu.com/jyj/movie/index.html',
  'accept-encoding' => 'gzip, deflate, sdch',
  'accept-language' => 'zh-CN,zh;q=0.8',
  'content-type' => '',
  'content-length' => '',
)
[ info ] [ PARAM ] array (
  'mid' => '3',
)
[ info ] [ RUN ] app\index\controller\Movie->content[ /data/wwwroot/www.shuangdeyu.com/jyj/application/index/controller/Movie.php ]
[ info ] [ DB ] INIT mysql
[ info ] [ VIEW ] /data/wwwroot/www.shuangdeyu.com/jyj/application/index/view/movie/content.html [ array (
  0 => 'con',
) ]
[ info ] [ LOG ] INIT File
[ sql ] [ DB ] CONNECT:[ UseTime:0.000226s ] mysql:dbname=mycard;host=localhost;port=3306;charset=utf8
[ sql ] [ SQL ] SHOW COLUMNS FROM `tp_movie` [ RunTime:0.000681s ]
[ sql ] [ SQL ] SELECT * FROM `tp_movie` WHERE  `id` = 3 LIMIT 1 [ RunTime:0.000293s ]

---------------------------------------------------------------
