[ 2017-05-21T12:47:32+08:00 ] 172.19.111.44 42.236.10.107 GET /jyj/style1-can.html
[ log ] www.shuangdeyu.com/jyj/style1-can.html [运行时间：0.050655s][吞吐率：19.74req/s] [内存消耗：395.80kb] [文件加载：41]
[ info ] [ LANG ] /data/wwwroot/www.shuangdeyu.com/jyj/thinkphp/lang/zh-cn.php
[ info ] [ BIND ] 'index'
[ info ] [ ROUTE ] array (
  'type' => 'module',
  'module' => 
  array (
    0 => 'index',
    1 => 'style1-can',
    2 => NULL,
  ),
)
[ info ] [ HEADER ] array (
  'host' => 'www.shuangdeyu.com',
  'accept-encoding' => 'deflate, gzip',
  'referer' => 'http://www.shuangdeyu.com/jyj/style1-can.html',
  'cookie' => '',
  'accept' => '*/*',
  'accept-language' => 'zh-CN',
  'connection' => 'Keep-Alive',
  'user-agent' => 'Mozilla/5.0 (Windows NT 6.1; WOW64) AppleWebKit/537.36 (KHTML, like Gecko) Chrome/50.0.2661.102 Safari/537.36; 360Spider',
  'content-type' => '',
  'content-length' => '',
)
[ info ] [ PARAM ] array (
)
[ info ] [ LOG ] INIT File

---------------------------------------------------------------
[ 2017-05-21T16:01:10+08:00 ] 172.19.111.44 112.17.241.188 GET /jyj/
[ log ] www.shuangdeyu.com/jyj/ [运行时间：0.002947s][吞吐率：339.32req/s] [内存消耗：437.06kb] [文件加载：47]
[ info ] [ LANG ] /data/wwwroot/www.shuangdeyu.com/jyj/thinkphp/lang/zh-cn.php
[ info ] [ BIND ] 'index'
[ info ] [ ROUTE ] array (
  'type' => 'module',
  'module' => 
  array (
    0 => 'index',
    1 => NULL,
    2 => NULL,
  ),
)
[ info ] [ HEADER ] array (
  'host' => 'www.shuangdeyu.com',
  'connection' => 'keep-alive',
  'accept' => 'text/html,application/xhtml+xml,application/xml;q=0.9,image/webp,*/*;q=0.8',
  'x-wap-profile' => 'http://218.249.47.94/UAProfile/CMCC/MT6797_UAprofile.xml',
  'upgrade-insecure-requests' => '1',
  'user-agent' => 'Mozilla/5.0 (Linux; Android 6.0; MZ-MX6 Build/MRA58K) AppleWebKit/537.36 (KHTML, like Gecko) Version/4.0 Chrome/45.0.2454.94 Mobile Safari/537.36',
  'accept-encoding' => 'gzip, deflate',
  'accept-language' => 'zh-CN,en-US;q=0.8',
  'cookie' => 'Hm_lvt_82011febce1b15bc2326b4c2be7056ae=1490137032; UM_distinctid=15af316ab7247-0f40725f3-30357162-38400-15af316ab765d; CNZZDATA1259231503=1486936246-1490137033-%7C1490137033',
  'content-type' => '',
  'content-length' => '',
)
[ info ] [ PARAM ] array (
)
[ info ] [ RUN ] app\index\controller\Index->index[ /data/wwwroot/www.shuangdeyu.com/jyj/application/index/controller/Index.php ]
[ info ] [ VIEW ] /data/wwwroot/www.shuangdeyu.com/jyj/application/index/view/index/index.html [ array (
) ]
[ info ] [ LOG ] INIT File

---------------------------------------------------------------
[ 2017-05-21T16:01:20+08:00 ] 172.19.111.44 112.17.241.188 GET /jyj/photo/shan.html
[ log ] www.shuangdeyu.com/jyj/photo/shan.html [运行时间：0.002801s][吞吐率：356.99req/s] [内存消耗：443.16kb] [文件加载：47]
[ info ] [ LANG ] /data/wwwroot/www.shuangdeyu.com/jyj/thinkphp/lang/zh-cn.php
[ info ] [ BIND ] 'index'
[ info ] [ ROUTE ] array (
  'type' => 'module',
  'module' => 
  array (
    0 => 'index',
    1 => 'photo',
    2 => 'shan',
  ),
)
[ info ] [ HEADER ] array (
  'host' => 'www.shuangdeyu.com',
  'connection' => 'keep-alive',
  'accept' => 'text/html,application/xhtml+xml,application/xml;q=0.9,image/webp,*/*;q=0.8',
  'x-wap-profile' => 'http://218.249.47.94/UAProfile/CMCC/MT6797_UAprofile.xml',
  'upgrade-insecure-requests' => '1',
  'user-agent' => 'Mozilla/5.0 (Linux; Android 6.0; MZ-MX6 Build/MRA58K) AppleWebKit/537.36 (KHTML, like Gecko) Version/4.0 Chrome/45.0.2454.94 Mobile Safari/537.36',
  'referer' => 'http://www.shuangdeyu.com/jyj/',
  'accept-encoding' => 'gzip, deflate',
  'accept-language' => 'zh-CN,en-US;q=0.8',
  'cookie' => 'Hm_lvt_82011febce1b15bc2326b4c2be7056ae=1490137032; UM_distinctid=15af316ab7247-0f40725f3-30357162-38400-15af316ab765d; CNZZDATA1259231503=1486936246-1490137033-%7C1490137033; CNZZDATA1261352376=982653094-1495353671-%7C1495353671',
  'content-type' => '',
  'content-length' => '',
)
[ info ] [ PARAM ] array (
)
[ info ] [ RUN ] app\index\controller\Photo->shan[ /data/wwwroot/www.shuangdeyu.com/jyj/application/index/controller/Photo.php ]
[ info ] [ VIEW ] /data/wwwroot/www.shuangdeyu.com/jyj/application/index/view/photo/shan.html [ array (
) ]
[ info ] [ LOG ] INIT File

---------------------------------------------------------------
[ 2017-05-21T16:01:27+08:00 ] 172.19.111.44 112.17.241.188 GET /jyj/photo/ren.html
[ log ] www.shuangdeyu.com/jyj/photo/ren.html [运行时间：0.016189s][吞吐率：61.77req/s] [内存消耗：445.13kb] [文件加载：47]
[ info ] [ LANG ] /data/wwwroot/www.shuangdeyu.com/jyj/thinkphp/lang/zh-cn.php
[ info ] [ BIND ] 'index'
[ info ] [ ROUTE ] array (
  'type' => 'module',
  'module' => 
  array (
    0 => 'index',
    1 => 'photo',
    2 => 'ren',
  ),
)
[ info ] [ HEADER ] array (
  'host' => 'www.shuangdeyu.com',
  'connection' => 'keep-alive',
  'accept' => 'text/html,application/xhtml+xml,application/xml;q=0.9,image/webp,*/*;q=0.8',
  'x-wap-profile' => 'http://218.249.47.94/UAProfile/CMCC/MT6797_UAprofile.xml',
  'upgrade-insecure-requests' => '1',
  'user-agent' => 'Mozilla/5.0 (Linux; Android 6.0; MZ-MX6 Build/MRA58K) AppleWebKit/537.36 (KHTML, like Gecko) Version/4.0 Chrome/45.0.2454.94 Mobile Safari/537.36',
  'referer' => 'http://www.shuangdeyu.com/jyj/photo/shan.html',
  'accept-encoding' => 'gzip, deflate',
  'accept-language' => 'zh-CN,en-US;q=0.8',
  'cookie' => 'Hm_lvt_82011febce1b15bc2326b4c2be7056ae=1490137032; UM_distinctid=15af316ab7247-0f40725f3-30357162-38400-15af316ab765d; CNZZDATA1259231503=1486936246-1490137033-%7C1490137033; CNZZDATA1261352376=982653094-1495353671-%7C1495353671',
  'content-type' => '',
  'content-length' => '',
)
[ info ] [ PARAM ] array (
)
[ info ] [ RUN ] app\index\controller\Photo->ren[ /data/wwwroot/www.shuangdeyu.com/jyj/application/index/controller/Photo.php ]
[ info ] [ VIEW ] /data/wwwroot/www.shuangdeyu.com/jyj/application/index/view/photo/ren.html [ array (
) ]
[ info ] [ LOG ] INIT File

---------------------------------------------------------------
[ 2017-05-21T16:01:41+08:00 ] 172.19.111.44 112.17.241.188 GET /jyj/photo/ren.html
[ log ] www.shuangdeyu.com/jyj/photo/ren.html [运行时间：0.004123s][吞吐率：242.54req/s] [内存消耗：443.42kb] [文件加载：47]
[ info ] [ LANG ] /data/wwwroot/www.shuangdeyu.com/jyj/thinkphp/lang/zh-cn.php
[ info ] [ BIND ] 'index'
[ info ] [ ROUTE ] array (
  'type' => 'module',
  'module' => 
  array (
    0 => 'index',
    1 => 'photo',
    2 => 'ren',
  ),
)
[ info ] [ HEADER ] array (
  'host' => 'www.shuangdeyu.com',
  'connection' => 'keep-alive',
  'cache-control' => 'max-age=0',
  'accept' => 'text/html,application/xhtml+xml,application/xml;q=0.9,image/webp,*/*;q=0.8',
  'x-wap-profile' => 'http://218.249.47.94/UAProfile/CMCC/MT6797_UAprofile.xml',
  'upgrade-insecure-requests' => '1',
  'user-agent' => 'Mozilla/5.0 (Linux; Android 6.0; MZ-MX6 Build/MRA58K) AppleWebKit/537.36 (KHTML, like Gecko) Version/4.0 Chrome/45.0.2454.94 Mobile Safari/537.36',
  'referer' => 'http://www.shuangdeyu.com/jyj/photo/shan.html',
  'accept-encoding' => 'gzip, deflate',
  'accept-language' => 'zh-CN,en-US;q=0.8',
  'cookie' => 'Hm_lvt_82011febce1b15bc2326b4c2be7056ae=1490137032; UM_distinctid=15af316ab7247-0f40725f3-30357162-38400-15af316ab765d; CNZZDATA1259231503=1486936246-1490137033-%7C1490137033; CNZZDATA1261352376=982653094-1495353671-%7C1495353671',
  'content-type' => '',
  'content-length' => '',
)
[ info ] [ PARAM ] array (
)
[ info ] [ RUN ] app\index\controller\Photo->ren[ /data/wwwroot/www.shuangdeyu.com/jyj/application/index/controller/Photo.php ]
[ info ] [ VIEW ] /data/wwwroot/www.shuangdeyu.com/jyj/application/index/view/photo/ren.html [ array (
) ]
[ info ] [ LOG ] INIT File

---------------------------------------------------------------
