[ 2017-05-31T20:36:10+08:00 ] ::1 ::1 GET /jyj/
[ log ] localhost/jyj/ [运行时间：0.578033s][吞吐率：1.73req/s] [内存消耗：1,928.58kb] [文件加载：47]
[ info ] [ LANG ] D:\wamp\www\jyj\thinkphp\lang\zh-cn.php
[ info ] [ BIND ] 'index'
[ info ] [ ROUTE ] array (
  'type' => 'module',
  'module' => 
  array (
    0 => 'index',
    1 => NULL,
    2 => NULL,
  ),
)
[ info ] [ HEADER ] array (
  'host' => 'localhost',
  'connection' => 'keep-alive',
  'accept' => 'text/html,application/xhtml+xml,application/xml;q=0.9,image/webp,*/*;q=0.8',
  'upgrade-insecure-requests' => '1',
  'user-agent' => 'Mozilla/5.0 (Windows NT 6.1; WOW64) AppleWebKit/537.36 (KHTML, like Gecko) Chrome/50.0.2661.102 Safari/537.36',
  'accept-encoding' => 'gzip, deflate, sdch',
  'accept-language' => 'zh-CN,zh;q=0.8',
)
[ info ] [ PARAM ] array (
)
[ info ] [ RUN ] app\index\controller\Index->index[ D:\wamp\www\jyj\application\index\controller\Index.php ]
[ info ] [ VIEW ] D:\wamp\www\jyj/application/index\view\index\index.html [ array (
) ]
[ info ] [ LOG ] INIT File

---------------------------------------------------------------
[ 2017-05-31T20:45:42+08:00 ] ::1 ::1 GET /jyj/movie/index.html
[ log ] localhost/jyj/movie/index.html [运行时间：0.515030s][吞吐率：1.94req/s] [内存消耗：2,953.64kb] [文件加载：54]
[ info ] [ LANG ] D:\wamp\www\jyj\thinkphp\lang\zh-cn.php
[ info ] [ BIND ] 'index'
[ info ] [ ROUTE ] array (
  'type' => 'module',
  'module' => 
  array (
    0 => 'index',
    1 => 'movie',
    2 => 'index',
  ),
)
[ info ] [ HEADER ] array (
  'host' => 'localhost',
  'connection' => 'keep-alive',
  'accept' => 'text/html,application/xhtml+xml,application/xml;q=0.9,image/webp,*/*;q=0.8',
  'upgrade-insecure-requests' => '1',
  'user-agent' => 'Mozilla/5.0 (Windows NT 6.1; WOW64) AppleWebKit/537.36 (KHTML, like Gecko) Chrome/50.0.2661.102 Safari/537.36',
  'referer' => 'http://localhost/jyj/',
  'accept-encoding' => 'gzip, deflate, sdch',
  'accept-language' => 'zh-CN,zh;q=0.8,zh-TW;q=0.6',
  'cookie' => 'UM_distinctid=15c5e8198e515e-026b93dc2344bd-414a0229-100200-15c5e8198e826d; CNZZDATA1261352376=177289733-1496234122-%7C1496234122',
)
[ info ] [ PARAM ] array (
)
[ info ] [ RUN ] app\index\controller\Movie->index[ D:\wamp\www\jyj\application\index\controller\Movie.php ]
[ info ] [ DB ] INIT mysql
[ info ] [ VIEW ] D:\wamp\www\jyj/application/index\view\movie\index.html [ array (
  0 => 'list',
) ]
[ info ] [ LOG ] INIT File
[ sql ] [ DB ] CONNECT:[ UseTime:0.049003s ] mysql:dbname=mycard;host=localhost;port=3306;charset=utf8
[ sql ] [ SQL ] SHOW COLUMNS FROM `tp_movie` [ RunTime:0.114006s ]
[ sql ] [ SQL ] SELECT * FROM `tp_movie` ORDER BY id desc [ RunTime:0.020001s ]

---------------------------------------------------------------
[ 2017-05-31T20:45:52+08:00 ] ::1 ::1 GET /jyj/movie/content.html?mid=9
[ log ] localhost/jyj/movie/content.html?mid=9 [运行时间：0.363020s][吞吐率：2.75req/s] [内存消耗：2,941.84kb] [文件加载：56]
[ info ] [ LANG ] D:\wamp\www\jyj\thinkphp\lang\zh-cn.php
[ info ] [ BIND ] 'index'
[ info ] [ ROUTE ] array (
  'type' => 'module',
  'module' => 
  array (
    0 => 'index',
    1 => 'movie',
    2 => 'content',
  ),
)
[ info ] [ HEADER ] array (
  'host' => 'localhost',
  'connection' => 'keep-alive',
  'accept' => 'text/html,application/xhtml+xml,application/xml;q=0.9,image/webp,*/*;q=0.8',
  'upgrade-insecure-requests' => '1',
  'user-agent' => 'Mozilla/5.0 (Windows NT 6.1; WOW64) AppleWebKit/537.36 (KHTML, like Gecko) Chrome/50.0.2661.102 Safari/537.36',
  'referer' => 'http://localhost/jyj/movie/index.html',
  'accept-encoding' => 'gzip, deflate, sdch',
  'accept-language' => 'zh-CN,zh;q=0.8,zh-TW;q=0.6',
  'cookie' => 'UM_distinctid=15c5e8198e515e-026b93dc2344bd-414a0229-100200-15c5e8198e826d; CNZZDATA1261352376=177289733-1496234122-%7C1496234122',
)
[ info ] [ PARAM ] array (
  'mid' => '9',
)
[ info ] [ RUN ] app\index\controller\Movie->content[ D:\wamp\www\jyj\application\index\controller\Movie.php ]
[ info ] [ DB ] INIT mysql
[ info ] [ VIEW ] D:\wamp\www\jyj/application/index\view\movie\content.html [ array (
  0 => 'con',
) ]
[ info ] [ LOG ] INIT File
[ sql ] [ DB ] CONNECT:[ UseTime:0.005001s ] mysql:dbname=mycard;host=localhost;port=3306;charset=utf8
[ sql ] [ SQL ] SHOW COLUMNS FROM `tp_movie` [ RunTime:0.016001s ]
[ sql ] [ SQL ] SELECT * FROM `tp_movie` WHERE  `id` = 9 LIMIT 1 [ RunTime:0.084005s ]

---------------------------------------------------------------
[ 2017-05-31T20:46:20+08:00 ] ::1 ::1 GET /jyj/index/index.html
[ log ] localhost/jyj/index/index.html [运行时间：0.078005s][吞吐率：12.82req/s] [内存消耗：1,929.57kb] [文件加载：47]
[ info ] [ LANG ] D:\wamp\www\jyj\thinkphp\lang\zh-cn.php
[ info ] [ BIND ] 'index'
[ info ] [ ROUTE ] array (
  'type' => 'module',
  'module' => 
  array (
    0 => 'index',
    1 => 'index',
    2 => 'index',
  ),
)
[ info ] [ HEADER ] array (
  'host' => 'localhost',
  'connection' => 'keep-alive',
  'accept' => 'text/html,application/xhtml+xml,application/xml;q=0.9,image/webp,*/*;q=0.8',
  'upgrade-insecure-requests' => '1',
  'user-agent' => 'Mozilla/5.0 (Windows NT 6.1; WOW64) AppleWebKit/537.36 (KHTML, like Gecko) Chrome/50.0.2661.102 Safari/537.36',
  'referer' => 'http://localhost/jyj/movie/content.html?mid=9',
  'accept-encoding' => 'gzip, deflate, sdch',
  'accept-language' => 'zh-CN,zh;q=0.8,zh-TW;q=0.6',
  'cookie' => 'UM_distinctid=15c5e8198e515e-026b93dc2344bd-414a0229-100200-15c5e8198e826d; CNZZDATA1261352376=177289733-1496234122-%7C1496234122; jiathis_rdc=%7B%22http%3A//localhost/jyj/movie/content.html%3Fmid%3D9%22%3A%220%7C1496234752709%22%7D',
)
[ info ] [ PARAM ] array (
)
[ info ] [ RUN ] app\index\controller\Index->index[ D:\wamp\www\jyj\application\index\controller\Index.php ]
[ info ] [ VIEW ] D:\wamp\www\jyj/application/index\view\index\index.html [ array (
) ]
[ info ] [ LOG ] INIT File

---------------------------------------------------------------
[ 2017-05-31T22:34:35+08:00 ] ::1 ::1 GET /jyj/index/index.html
[ log ] localhost/jyj/index/index.html [运行时间：0.492028s][吞吐率：2.03req/s] [内存消耗：1,929.69kb] [文件加载：47]
[ info ] [ LANG ] D:\wamp\www\jyj\thinkphp\lang\zh-cn.php
[ info ] [ BIND ] 'index'
[ info ] [ ROUTE ] array (
  'type' => 'module',
  'module' => 
  array (
    0 => 'index',
    1 => 'index',
    2 => 'index',
  ),
)
[ info ] [ HEADER ] array (
  'host' => 'localhost',
  'connection' => 'keep-alive',
  'cache-control' => 'max-age=0',
  'accept' => 'text/html,application/xhtml+xml,application/xml;q=0.9,image/webp,*/*;q=0.8',
  'upgrade-insecure-requests' => '1',
  'user-agent' => 'Mozilla/5.0 (Windows NT 6.1; WOW64) AppleWebKit/537.36 (KHTML, like Gecko) Chrome/50.0.2661.102 Safari/537.36',
  'referer' => 'http://localhost/jyj/movie/content.html?mid=9',
  'accept-encoding' => 'gzip, deflate, sdch',
  'accept-language' => 'zh-CN,zh;q=0.8,zh-TW;q=0.6',
  'cookie' => 'UM_distinctid=15c5e8198e515e-026b93dc2344bd-414a0229-100200-15c5e8198e826d; jiathis_rdc=%7B%22http%3A//localhost/jyj/movie/content.html%3Fmid%3D9%22%3A%220%7C1496234752709%22%7D; CNZZDATA1261352376=177289733-1496234122-%7C1496234122',
)
[ info ] [ PARAM ] array (
)
[ info ] [ RUN ] app\index\controller\Index->index[ D:\wamp\www\jyj\application\index\controller\Index.php ]
[ info ] [ VIEW ] D:\wamp\www\jyj/application/index\view\index\index.html [ array (
) ]
[ info ] [ LOG ] INIT File

---------------------------------------------------------------
[ 2017-05-31T22:37:00+08:00 ] ::1 ::1 GET /jyj/index/card.html
[ log ] localhost/jyj/index/card.html [运行时间：0.134008s][吞吐率：7.46req/s] [内存消耗：2,099.47kb] [文件加载：49]
[ info ] [ LANG ] D:\wamp\www\jyj\thinkphp\lang\zh-cn.php
[ info ] [ BIND ] 'index'
[ info ] [ ROUTE ] array (
  'type' => 'module',
  'module' => 
  array (
    0 => 'index',
    1 => 'index',
    2 => 'card',
  ),
)
[ info ] [ HEADER ] array (
  'host' => 'localhost',
  'connection' => 'keep-alive',
  'accept' => 'text/html,application/xhtml+xml,application/xml;q=0.9,image/webp,*/*;q=0.8',
  'upgrade-insecure-requests' => '1',
  'user-agent' => 'Mozilla/5.0 (Windows NT 6.1; WOW64) AppleWebKit/537.36 (KHTML, like Gecko) Chrome/50.0.2661.102 Safari/537.36',
  'referer' => 'http://localhost/jyj/index/index.html',
  'accept-encoding' => 'gzip, deflate, sdch',
  'accept-language' => 'zh-CN,zh;q=0.8,zh-TW;q=0.6',
  'cookie' => 'UM_distinctid=15c5e8198e515e-026b93dc2344bd-414a0229-100200-15c5e8198e826d; jiathis_rdc=%7B%22http%3A//localhost/jyj/movie/content.html%3Fmid%3D9%22%3A%220%7C1496234752709%22%7D; CNZZDATA1261352376=177289733-1496234122-%7C1496241227',
)
[ info ] [ PARAM ] array (
)
[ info ] [ RUN ] app\index\controller\Index->card[ D:\wamp\www\jyj\application\index\controller\Index.php ]
[ info ] [ VIEW ] D:\wamp\www\jyj/application/index\view\index\card.html [ array (
) ]
[ info ] [ LOG ] INIT File

---------------------------------------------------------------
[ 2017-05-31T22:38:54+08:00 ] ::1 ::1 GET /jyj/index/weibo.html
[ log ] localhost/jyj/index/weibo.html [运行时间：0.223013s][吞吐率：4.48req/s] [内存消耗：2,749.95kb] [文件加载：54]
[ info ] [ LANG ] D:\wamp\www\jyj\thinkphp\lang\zh-cn.php
[ info ] [ BIND ] 'index'
[ info ] [ ROUTE ] array (
  'type' => 'module',
  'module' => 
  array (
    0 => 'index',
    1 => 'index',
    2 => 'weibo',
  ),
)
[ info ] [ HEADER ] array (
  'host' => 'localhost',
  'connection' => 'keep-alive',
  'accept' => 'text/html,application/xhtml+xml,application/xml;q=0.9,image/webp,*/*;q=0.8',
  'upgrade-insecure-requests' => '1',
  'user-agent' => 'Mozilla/5.0 (Windows NT 6.1; WOW64) AppleWebKit/537.36 (KHTML, like Gecko) Chrome/50.0.2661.102 Safari/537.36',
  'referer' => 'http://localhost/jyj/index/card.html',
  'accept-encoding' => 'gzip, deflate, sdch',
  'accept-language' => 'zh-CN,zh;q=0.8,zh-TW;q=0.6',
  'cookie' => 'UM_distinctid=15c5e8198e515e-026b93dc2344bd-414a0229-100200-15c5e8198e826d; jiathis_rdc=%7B%22http%3A//localhost/jyj/movie/content.html%3Fmid%3D9%22%3A%220%7C1496234752709%22%7D; CNZZDATA1261352376=177289733-1496234122-%7C1496241227',
)
[ info ] [ PARAM ] array (
)
[ info ] [ RUN ] app\index\controller\Index->weibo[ D:\wamp\www\jyj\application\index\controller\Index.php ]
[ info ] [ DB ] INIT mysql
[ info ] [ VIEW ] D:\wamp\www\jyj/application/index\view\index\weibo.html [ array (
  0 => 'list',
) ]
[ info ] [ LOG ] INIT File
[ sql ] [ DB ] CONNECT:[ UseTime:0.004000s ] mysql:dbname=mycard;host=localhost;port=3306;charset=utf8
[ sql ] [ SQL ] SHOW COLUMNS FROM `tp_weibo` [ RunTime:0.015000s ]
[ sql ] [ SQL ] SELECT * FROM `tp_weibo` ORDER BY id desc [ RunTime:0.001000s ]

---------------------------------------------------------------
[ 2017-05-31T22:48:16+08:00 ] ::1 ::1 GET /jyj/photo/shan.html
[ log ] localhost/jyj/photo/shan.html [运行时间：0.142008s][吞吐率：7.04req/s] [内存消耗：1,929.54kb] [文件加载：47]
[ info ] [ LANG ] D:\wamp\www\jyj\thinkphp\lang\zh-cn.php
[ info ] [ BIND ] 'index'
[ info ] [ ROUTE ] array (
  'type' => 'module',
  'module' => 
  array (
    0 => 'index',
    1 => 'photo',
    2 => 'shan',
  ),
)
[ info ] [ HEADER ] array (
  'host' => 'localhost',
  'connection' => 'keep-alive',
  'accept' => 'text/html,application/xhtml+xml,application/xml;q=0.9,image/webp,*/*;q=0.8',
  'upgrade-insecure-requests' => '1',
  'user-agent' => 'Mozilla/5.0 (Windows NT 6.1; WOW64) AppleWebKit/537.36 (KHTML, like Gecko) Chrome/50.0.2661.102 Safari/537.36',
  'referer' => 'http://localhost/jyj/index/weibo.html',
  'accept-encoding' => 'gzip, deflate, sdch',
  'accept-language' => 'zh-CN,zh;q=0.8,zh-TW;q=0.6',
  'cookie' => 'UM_distinctid=15c5e8198e515e-026b93dc2344bd-414a0229-100200-15c5e8198e826d; jiathis_rdc=%7B%22http%3A//localhost/jyj/movie/content.html%3Fmid%3D9%22%3A%220%7C1496234752709%22%7D; CNZZDATA1261352376=177289733-1496234122-%7C1496241227',
)
[ info ] [ PARAM ] array (
)
[ info ] [ RUN ] app\index\controller\Photo->shan[ D:\wamp\www\jyj\application\index\controller\Photo.php ]
[ info ] [ VIEW ] D:\wamp\www\jyj/application/index\view\photo\shan.html [ array (
) ]
[ info ] [ LOG ] INIT File

---------------------------------------------------------------
[ 2017-05-31T22:50:29+08:00 ] ::1 ::1 GET /jyj/photo/ren.html
[ log ] localhost/jyj/photo/ren.html [运行时间：0.154009s][吞吐率：6.49req/s] [内存消耗：1,929.45kb] [文件加载：47]
[ info ] [ LANG ] D:\wamp\www\jyj\thinkphp\lang\zh-cn.php
[ info ] [ BIND ] 'index'
[ info ] [ ROUTE ] array (
  'type' => 'module',
  'module' => 
  array (
    0 => 'index',
    1 => 'photo',
    2 => 'ren',
  ),
)
[ info ] [ HEADER ] array (
  'host' => 'localhost',
  'connection' => 'keep-alive',
  'accept' => 'text/html,application/xhtml+xml,application/xml;q=0.9,image/webp,*/*;q=0.8',
  'upgrade-insecure-requests' => '1',
  'user-agent' => 'Mozilla/5.0 (Windows NT 6.1; WOW64) AppleWebKit/537.36 (KHTML, like Gecko) Chrome/50.0.2661.102 Safari/537.36',
  'referer' => 'http://localhost/jyj/photo/shan.html',
  'accept-encoding' => 'gzip, deflate, sdch',
  'accept-language' => 'zh-CN,zh;q=0.8,zh-TW;q=0.6',
  'cookie' => 'UM_distinctid=15c5e8198e515e-026b93dc2344bd-414a0229-100200-15c5e8198e826d; jiathis_rdc=%7B%22http%3A//localhost/jyj/movie/content.html%3Fmid%3D9%22%3A%220%7C1496234752709%22%7D; CNZZDATA1261352376=177289733-1496234122-%7C1496241227',
)
[ info ] [ PARAM ] array (
)
[ info ] [ RUN ] app\index\controller\Photo->ren[ D:\wamp\www\jyj\application\index\controller\Photo.php ]
[ info ] [ VIEW ] D:\wamp\www\jyj/application/index\view\photo\ren.html [ array (
) ]
[ info ] [ LOG ] INIT File

---------------------------------------------------------------
[ 2017-05-31T22:50:49+08:00 ] ::1 ::1 GET /jyj/photo/xian.html
[ log ] localhost/jyj/photo/xian.html [运行时间：0.168009s][吞吐率：5.95req/s] [内存消耗：1,929.58kb] [文件加载：47]
[ info ] [ LANG ] D:\wamp\www\jyj\thinkphp\lang\zh-cn.php
[ info ] [ BIND ] 'index'
[ info ] [ ROUTE ] array (
  'type' => 'module',
  'module' => 
  array (
    0 => 'index',
    1 => 'photo',
    2 => 'xian',
  ),
)
[ info ] [ HEADER ] array (
  'host' => 'localhost',
  'connection' => 'keep-alive',
  'accept' => 'text/html,application/xhtml+xml,application/xml;q=0.9,image/webp,*/*;q=0.8',
  'upgrade-insecure-requests' => '1',
  'user-agent' => 'Mozilla/5.0 (Windows NT 6.1; WOW64) AppleWebKit/537.36 (KHTML, like Gecko) Chrome/50.0.2661.102 Safari/537.36',
  'referer' => 'http://localhost/jyj/photo/ren.html',
  'accept-encoding' => 'gzip, deflate, sdch',
  'accept-language' => 'zh-CN,zh;q=0.8,zh-TW;q=0.6',
  'cookie' => 'UM_distinctid=15c5e8198e515e-026b93dc2344bd-414a0229-100200-15c5e8198e826d; jiathis_rdc=%7B%22http%3A//localhost/jyj/movie/content.html%3Fmid%3D9%22%3A%220%7C1496234752709%22%7D; CNZZDATA1261352376=177289733-1496234122-%7C1496241227',
)
[ info ] [ PARAM ] array (
)
[ info ] [ RUN ] app\index\controller\Photo->xian[ D:\wamp\www\jyj\application\index\controller\Photo.php ]
[ info ] [ VIEW ] D:\wamp\www\jyj/application/index\view\photo\xian.html [ array (
) ]
[ info ] [ LOG ] INIT File

---------------------------------------------------------------
[ 2017-05-31T23:03:08+08:00 ] ::1 ::1 GET /jyj/photo/ren.html
[ log ] localhost/jyj/photo/ren.html [运行时间：0.095005s][吞吐率：10.53req/s] [内存消耗：1,929.45kb] [文件加载：47]
[ info ] [ LANG ] D:\wamp\www\jyj\thinkphp\lang\zh-cn.php
[ info ] [ BIND ] 'index'
[ info ] [ ROUTE ] array (
  'type' => 'module',
  'module' => 
  array (
    0 => 'index',
    1 => 'photo',
    2 => 'ren',
  ),
)
[ info ] [ HEADER ] array (
  'host' => 'localhost',
  'connection' => 'keep-alive',
  'accept' => 'text/html,application/xhtml+xml,application/xml;q=0.9,image/webp,*/*;q=0.8',
  'upgrade-insecure-requests' => '1',
  'user-agent' => 'Mozilla/5.0 (Windows NT 6.1; WOW64) AppleWebKit/537.36 (KHTML, like Gecko) Chrome/50.0.2661.102 Safari/537.36',
  'referer' => 'http://localhost/jyj/photo/xian.html',
  'accept-encoding' => 'gzip, deflate, sdch',
  'accept-language' => 'zh-CN,zh;q=0.8,zh-TW;q=0.6',
  'cookie' => 'UM_distinctid=15c5e8198e515e-026b93dc2344bd-414a0229-100200-15c5e8198e826d; jiathis_rdc=%7B%22http%3A//localhost/jyj/movie/content.html%3Fmid%3D9%22%3A%220%7C1496234752709%22%7D; CNZZDATA1261352376=177289733-1496234122-%7C1496241227',
)
[ info ] [ PARAM ] array (
)
[ info ] [ RUN ] app\index\controller\Photo->ren[ D:\wamp\www\jyj\application\index\controller\Photo.php ]
[ info ] [ VIEW ] D:\wamp\www\jyj/application/index\view\photo\ren.html [ array (
) ]
[ info ] [ LOG ] INIT File

---------------------------------------------------------------
[ 2017-05-31T23:03:11+08:00 ] ::1 ::1 GET /jyj/photo/shan.html
[ log ] localhost/jyj/photo/shan.html [运行时间：0.092006s][吞吐率：10.87req/s] [内存消耗：1,929.52kb] [文件加载：47]
[ info ] [ LANG ] D:\wamp\www\jyj\thinkphp\lang\zh-cn.php
[ info ] [ BIND ] 'index'
[ info ] [ ROUTE ] array (
  'type' => 'module',
  'module' => 
  array (
    0 => 'index',
    1 => 'photo',
    2 => 'shan',
  ),
)
[ info ] [ HEADER ] array (
  'host' => 'localhost',
  'connection' => 'keep-alive',
  'accept' => 'text/html,application/xhtml+xml,application/xml;q=0.9,image/webp,*/*;q=0.8',
  'upgrade-insecure-requests' => '1',
  'user-agent' => 'Mozilla/5.0 (Windows NT 6.1; WOW64) AppleWebKit/537.36 (KHTML, like Gecko) Chrome/50.0.2661.102 Safari/537.36',
  'referer' => 'http://localhost/jyj/photo/ren.html',
  'accept-encoding' => 'gzip, deflate, sdch',
  'accept-language' => 'zh-CN,zh;q=0.8,zh-TW;q=0.6',
  'cookie' => 'UM_distinctid=15c5e8198e515e-026b93dc2344bd-414a0229-100200-15c5e8198e826d; jiathis_rdc=%7B%22http%3A//localhost/jyj/movie/content.html%3Fmid%3D9%22%3A%220%7C1496234752709%22%7D; CNZZDATA1261352376=177289733-1496234122-%7C1496241227',
)
[ info ] [ PARAM ] array (
)
[ info ] [ RUN ] app\index\controller\Photo->shan[ D:\wamp\www\jyj\application\index\controller\Photo.php ]
[ info ] [ VIEW ] D:\wamp\www\jyj/application/index\view\photo\shan.html [ array (
) ]
[ info ] [ LOG ] INIT File

---------------------------------------------------------------
[ 2017-05-31T23:03:15+08:00 ] ::1 ::1 GET /jyj/photo/ren.html
[ log ] localhost/jyj/photo/ren.html [运行时间：0.092006s][吞吐率：10.87req/s] [内存消耗：1,929.45kb] [文件加载：47]
[ info ] [ LANG ] D:\wamp\www\jyj\thinkphp\lang\zh-cn.php
[ info ] [ BIND ] 'index'
[ info ] [ ROUTE ] array (
  'type' => 'module',
  'module' => 
  array (
    0 => 'index',
    1 => 'photo',
    2 => 'ren',
  ),
)
[ info ] [ HEADER ] array (
  'host' => 'localhost',
  'connection' => 'keep-alive',
  'accept' => 'text/html,application/xhtml+xml,application/xml;q=0.9,image/webp,*/*;q=0.8',
  'upgrade-insecure-requests' => '1',
  'user-agent' => 'Mozilla/5.0 (Windows NT 6.1; WOW64) AppleWebKit/537.36 (KHTML, like Gecko) Chrome/50.0.2661.102 Safari/537.36',
  'referer' => 'http://localhost/jyj/photo/shan.html',
  'accept-encoding' => 'gzip, deflate, sdch',
  'accept-language' => 'zh-CN,zh;q=0.8,zh-TW;q=0.6',
  'cookie' => 'UM_distinctid=15c5e8198e515e-026b93dc2344bd-414a0229-100200-15c5e8198e826d; jiathis_rdc=%7B%22http%3A//localhost/jyj/movie/content.html%3Fmid%3D9%22%3A%220%7C1496234752709%22%7D; CNZZDATA1261352376=177289733-1496234122-%7C1496241227',
)
[ info ] [ PARAM ] array (
)
[ info ] [ RUN ] app\index\controller\Photo->ren[ D:\wamp\www\jyj\application\index\controller\Photo.php ]
[ info ] [ VIEW ] D:\wamp\www\jyj/application/index\view\photo\ren.html [ array (
) ]
[ info ] [ LOG ] INIT File

---------------------------------------------------------------
