[ 2017-06-01T21:45:41+08:00 ] ::1 ::1 GET /jyj/photo/shan.html
[ log ] localhost/jyj/photo/shan.html [运行时间：0.194012s][吞吐率：5.15req/s] [内存消耗：1,929.53kb] [文件加载：47]
[ info ] [ LANG ] D:\wamp\www\jyj\thinkphp\lang\zh-cn.php
[ info ] [ BIND ] 'index'
[ info ] [ ROUTE ] array (
  'type' => 'module',
  'module' => 
  array (
    0 => 'index',
    1 => 'photo',
    2 => 'shan',
  ),
)
[ info ] [ HEADER ] array (
  'host' => 'localhost',
  'connection' => 'keep-alive',
  'accept' => 'text/html,application/xhtml+xml,application/xml;q=0.9,image/webp,*/*;q=0.8',
  'upgrade-insecure-requests' => '1',
  'user-agent' => 'Mozilla/5.0 (Windows NT 6.1; WOW64) AppleWebKit/537.36 (KHTML, like Gecko) Chrome/50.0.2661.102 Safari/537.36',
  'referer' => 'http://localhost/jyj/photo/ren.html',
  'accept-encoding' => 'gzip, deflate, sdch',
  'accept-language' => 'zh-CN,zh;q=0.8,zh-TW;q=0.6',
  'cookie' => 'UM_distinctid=15c5e8198e515e-026b93dc2344bd-414a0229-100200-15c5e8198e826d; jiathis_rdc=%7B%22http%3A//localhost/jyj/movie/content.html%3Fmid%3D9%22%3A%220%7C1496234752709%22%7D; CNZZDATA1261352376=177289733-1496234122-%7C1496241227',
)
[ info ] [ PARAM ] array (
)
[ info ] [ RUN ] app\index\controller\Photo->shan[ D:\wamp\www\jyj\application\index\controller\Photo.php ]
[ info ] [ VIEW ] D:\wamp\www\jyj/application/index\view\photo\shan.html [ array (
) ]
[ info ] [ LOG ] INIT File

---------------------------------------------------------------
[ 2017-06-01T21:53:55+08:00 ] ::1 ::1 GET /jyj/photo/shan.html
[ log ] localhost/jyj/photo/shan.html [运行时间：0.352020s][吞吐率：2.84req/s] [内存消耗：2,719.16kb] [文件加载：57]
[ info ] [ LANG ] D:\wamp\www\jyj\thinkphp\lang\zh-cn.php
[ info ] [ BIND ] 'index'
[ info ] [ ROUTE ] array (
  'type' => 'module',
  'module' => 
  array (
    0 => 'index',
    1 => 'photo',
    2 => 'shan',
  ),
)
[ info ] [ HEADER ] array (
  'host' => 'localhost',
  'connection' => 'keep-alive',
  'cache-control' => 'max-age=0',
  'accept' => 'text/html,application/xhtml+xml,application/xml;q=0.9,image/webp,*/*;q=0.8',
  'upgrade-insecure-requests' => '1',
  'user-agent' => 'Mozilla/5.0 (Windows NT 6.1; WOW64) AppleWebKit/537.36 (KHTML, like Gecko) Chrome/50.0.2661.102 Safari/537.36',
  'referer' => 'http://localhost/jyj/photo/ren.html',
  'accept-encoding' => 'gzip, deflate, sdch',
  'accept-language' => 'zh-CN,zh;q=0.8,zh-TW;q=0.6',
  'cookie' => 'UM_distinctid=15c5e8198e515e-026b93dc2344bd-414a0229-100200-15c5e8198e826d; jiathis_rdc=%7B%22http%3A//localhost/jyj/movie/content.html%3Fmid%3D9%22%3A%220%7C1496234752709%22%7D; CNZZDATA1261352376=177289733-1496234122-%7C1496241227',
)
[ info ] [ PARAM ] array (
)
[ info ] [ RUN ] app\index\controller\Photo->shan[ D:\wamp\www\jyj\application\index\controller\Photo.php ]
[ info ] [ DB ] INIT mysql
[ info ] [ LOG ] INIT File
[ sql ] [ DB ] CONNECT:[ UseTime:0.003000s ] mysql:dbname=mycard;host=localhost;port=3306;charset=utf8
[ sql ] [ SQL ] SHOW COLUMNS FROM `tp_photo` [ RunTime:0.015001s ]
[ error ] [10501]SQLSTATE[42S22]: Column not found: 1054 Champ 'p.target' inconnu dans where clause[D:\wamp\www\jyj\thinkphp\library\think\db\Connection.php:383]

---------------------------------------------------------------
[ 2017-06-01T21:54:17+08:00 ] ::1 ::1 GET /jyj/photo/shan.html
[ log ] localhost/jyj/photo/shan.html [运行时间：0.224013s][吞吐率：4.46req/s] [内存消耗：2,742.18kb] [文件加载：54]
[ info ] [ LANG ] D:\wamp\www\jyj\thinkphp\lang\zh-cn.php
[ info ] [ BIND ] 'index'
[ info ] [ ROUTE ] array (
  'type' => 'module',
  'module' => 
  array (
    0 => 'index',
    1 => 'photo',
    2 => 'shan',
  ),
)
[ info ] [ HEADER ] array (
  'host' => 'localhost',
  'connection' => 'keep-alive',
  'cache-control' => 'max-age=0',
  'accept' => 'text/html,application/xhtml+xml,application/xml;q=0.9,image/webp,*/*;q=0.8',
  'upgrade-insecure-requests' => '1',
  'user-agent' => 'Mozilla/5.0 (Windows NT 6.1; WOW64) AppleWebKit/537.36 (KHTML, like Gecko) Chrome/50.0.2661.102 Safari/537.36',
  'referer' => 'http://localhost/jyj/photo/ren.html',
  'accept-encoding' => 'gzip, deflate, sdch',
  'accept-language' => 'zh-CN,zh;q=0.8,zh-TW;q=0.6',
  'cookie' => 'UM_distinctid=15c5e8198e515e-026b93dc2344bd-414a0229-100200-15c5e8198e826d; jiathis_rdc=%7B%22http%3A//localhost/jyj/movie/content.html%3Fmid%3D9%22%3A%220%7C1496234752709%22%7D; CNZZDATA1261352376=177289733-1496234122-%7C1496241227',
)
[ info ] [ PARAM ] array (
)
[ info ] [ RUN ] app\index\controller\Photo->shan[ D:\wamp\www\jyj\application\index\controller\Photo.php ]
[ info ] [ DB ] INIT mysql
[ info ] [ VIEW ] D:\wamp\www\jyj/application/index\view\photo\shan.html [ array (
) ]
[ info ] [ LOG ] INIT File
[ sql ] [ DB ] CONNECT:[ UseTime:0.003000s ] mysql:dbname=mycard;host=localhost;port=3306;charset=utf8
[ sql ] [ SQL ] SHOW COLUMNS FROM `tp_photo` [ RunTime:0.016001s ]
[ sql ] [ SQL ] SELECT * FROM `tp_photo` `p` INNER JOIN `tp_images` `i` ON `p`.`id`=`i`.`target_id` WHERE  `p`.`type` = 0 [ RunTime:0.002000s ]

---------------------------------------------------------------
[ 2017-06-01T21:55:26+08:00 ] ::1 ::1 GET /jyj/photo/shan.html
[ log ] localhost/jyj/photo/shan.html [运行时间：0.137008s][吞吐率：7.30req/s] [内存消耗：2,744.26kb] [文件加载：54]
[ info ] [ LANG ] D:\wamp\www\jyj\thinkphp\lang\zh-cn.php
[ info ] [ BIND ] 'index'
[ info ] [ ROUTE ] array (
  'type' => 'module',
  'module' => 
  array (
    0 => 'index',
    1 => 'photo',
    2 => 'shan',
  ),
)
[ info ] [ HEADER ] array (
  'host' => 'localhost',
  'connection' => 'keep-alive',
  'cache-control' => 'max-age=0',
  'accept' => 'text/html,application/xhtml+xml,application/xml;q=0.9,image/webp,*/*;q=0.8',
  'upgrade-insecure-requests' => '1',
  'user-agent' => 'Mozilla/5.0 (Windows NT 6.1; WOW64) AppleWebKit/537.36 (KHTML, like Gecko) Chrome/50.0.2661.102 Safari/537.36',
  'referer' => 'http://localhost/jyj/photo/ren.html',
  'accept-encoding' => 'gzip, deflate, sdch',
  'accept-language' => 'zh-CN,zh;q=0.8,zh-TW;q=0.6',
  'cookie' => 'UM_distinctid=15c5e8198e515e-026b93dc2344bd-414a0229-100200-15c5e8198e826d; jiathis_rdc=%7B%22http%3A//localhost/jyj/movie/content.html%3Fmid%3D9%22%3A%220%7C1496234752709%22%7D; CNZZDATA1261352376=177289733-1496234122-%7C1496241227',
)
[ info ] [ PARAM ] array (
)
[ info ] [ RUN ] app\index\controller\Photo->shan[ D:\wamp\www\jyj\application\index\controller\Photo.php ]
[ info ] [ DB ] INIT mysql
[ info ] [ VIEW ] D:\wamp\www\jyj/application/index\view\photo\shan.html [ array (
) ]
[ info ] [ LOG ] INIT File
[ sql ] [ DB ] CONNECT:[ UseTime:0.003000s ] mysql:dbname=mycard;host=localhost;port=3306;charset=utf8
[ sql ] [ SQL ] SHOW COLUMNS FROM `tp_photo` [ RunTime:0.015001s ]
[ sql ] [ SQL ] SELECT * FROM `tp_photo` `p` INNER JOIN `tp_images` `i` ON `p`.`id`=`i`.`target_id` WHERE  `p`.`type` = 0 [ RunTime:0.001000s ]

---------------------------------------------------------------
[ 2017-06-01T21:59:35+08:00 ] ::1 ::1 GET /jyj/photo/shan.html
[ log ] localhost/jyj/photo/shan.html [运行时间：0.151009s][吞吐率：6.62req/s] [内存消耗：2,719.67kb] [文件加载：57]
[ info ] [ LANG ] D:\wamp\www\jyj\thinkphp\lang\zh-cn.php
[ info ] [ BIND ] 'index'
[ info ] [ ROUTE ] array (
  'type' => 'module',
  'module' => 
  array (
    0 => 'index',
    1 => 'photo',
    2 => 'shan',
  ),
)
[ info ] [ HEADER ] array (
  'host' => 'localhost',
  'connection' => 'keep-alive',
  'cache-control' => 'max-age=0',
  'accept' => 'text/html,application/xhtml+xml,application/xml;q=0.9,image/webp,*/*;q=0.8',
  'upgrade-insecure-requests' => '1',
  'user-agent' => 'Mozilla/5.0 (Windows NT 6.1; WOW64) AppleWebKit/537.36 (KHTML, like Gecko) Chrome/50.0.2661.102 Safari/537.36',
  'referer' => 'http://localhost/jyj/photo/ren.html',
  'accept-encoding' => 'gzip, deflate, sdch',
  'accept-language' => 'zh-CN,zh;q=0.8,zh-TW;q=0.6',
  'cookie' => 'UM_distinctid=15c5e8198e515e-026b93dc2344bd-414a0229-100200-15c5e8198e826d; jiathis_rdc=%7B%22http%3A//localhost/jyj/movie/content.html%3Fmid%3D9%22%3A%220%7C1496234752709%22%7D; CNZZDATA1261352376=177289733-1496234122-%7C1496241227',
)
[ info ] [ PARAM ] array (
)
[ info ] [ RUN ] app\index\controller\Photo->shan[ D:\wamp\www\jyj\application\index\controller\Photo.php ]
[ info ] [ DB ] INIT mysql
[ info ] [ LOG ] INIT File
[ sql ] [ DB ] CONNECT:[ UseTime:0.003000s ] mysql:dbname=mycard;host=localhost;port=3306;charset=utf8
[ sql ] [ SQL ] SHOW COLUMNS FROM `tp_photo` [ RunTime:0.015001s ]
[ error ] [10501]SQLSTATE[42S22]: Column not found: 1054 Champ 'i.' inconnu dans field list[D:\wamp\www\jyj\thinkphp\library\think\db\Connection.php:383]

---------------------------------------------------------------
[ 2017-06-01T22:00:05+08:00 ] ::1 ::1 GET /jyj/photo/shan.html
[ log ] localhost/jyj/photo/shan.html [运行时间：0.143008s][吞吐率：6.99req/s] [内存消耗：2,719.95kb] [文件加载：57]
[ info ] [ LANG ] D:\wamp\www\jyj\thinkphp\lang\zh-cn.php
[ info ] [ BIND ] 'index'
[ info ] [ ROUTE ] array (
  'type' => 'module',
  'module' => 
  array (
    0 => 'index',
    1 => 'photo',
    2 => 'shan',
  ),
)
[ info ] [ HEADER ] array (
  'host' => 'localhost',
  'connection' => 'keep-alive',
  'cache-control' => 'max-age=0',
  'accept' => 'text/html,application/xhtml+xml,application/xml;q=0.9,image/webp,*/*;q=0.8',
  'upgrade-insecure-requests' => '1',
  'user-agent' => 'Mozilla/5.0 (Windows NT 6.1; WOW64) AppleWebKit/537.36 (KHTML, like Gecko) Chrome/50.0.2661.102 Safari/537.36',
  'referer' => 'http://localhost/jyj/photo/ren.html',
  'accept-encoding' => 'gzip, deflate, sdch',
  'accept-language' => 'zh-CN,zh;q=0.8,zh-TW;q=0.6',
  'cookie' => 'UM_distinctid=15c5e8198e515e-026b93dc2344bd-414a0229-100200-15c5e8198e826d; jiathis_rdc=%7B%22http%3A//localhost/jyj/movie/content.html%3Fmid%3D9%22%3A%220%7C1496234752709%22%7D; CNZZDATA1261352376=177289733-1496234122-%7C1496241227',
)
[ info ] [ PARAM ] array (
)
[ info ] [ RUN ] app\index\controller\Photo->shan[ D:\wamp\www\jyj\application\index\controller\Photo.php ]
[ info ] [ DB ] INIT mysql
[ info ] [ LOG ] INIT File
[ sql ] [ DB ] CONNECT:[ UseTime:0.003000s ] mysql:dbname=mycard;host=localhost;port=3306;charset=utf8
[ sql ] [ SQL ] SHOW COLUMNS FROM `tp_photo` [ RunTime:0.016001s ]
[ error ] [10501]SQLSTATE[42S22]: Column not found: 1054 Champ 'i.' inconnu dans field list[D:\wamp\www\jyj\thinkphp\library\think\db\Connection.php:383]

---------------------------------------------------------------
[ 2017-06-01T22:00:07+08:00 ] ::1 ::1 GET /jyj/photo/shan.html
[ log ] localhost/jyj/photo/shan.html [运行时间：0.150008s][吞吐率：6.67req/s] [内存消耗：2,719.95kb] [文件加载：57]
[ info ] [ LANG ] D:\wamp\www\jyj\thinkphp\lang\zh-cn.php
[ info ] [ BIND ] 'index'
[ info ] [ ROUTE ] array (
  'type' => 'module',
  'module' => 
  array (
    0 => 'index',
    1 => 'photo',
    2 => 'shan',
  ),
)
[ info ] [ HEADER ] array (
  'host' => 'localhost',
  'connection' => 'keep-alive',
  'cache-control' => 'max-age=0',
  'accept' => 'text/html,application/xhtml+xml,application/xml;q=0.9,image/webp,*/*;q=0.8',
  'upgrade-insecure-requests' => '1',
  'user-agent' => 'Mozilla/5.0 (Windows NT 6.1; WOW64) AppleWebKit/537.36 (KHTML, like Gecko) Chrome/50.0.2661.102 Safari/537.36',
  'referer' => 'http://localhost/jyj/photo/ren.html',
  'accept-encoding' => 'gzip, deflate, sdch',
  'accept-language' => 'zh-CN,zh;q=0.8,zh-TW;q=0.6',
  'cookie' => 'UM_distinctid=15c5e8198e515e-026b93dc2344bd-414a0229-100200-15c5e8198e826d; jiathis_rdc=%7B%22http%3A//localhost/jyj/movie/content.html%3Fmid%3D9%22%3A%220%7C1496234752709%22%7D; CNZZDATA1261352376=177289733-1496234122-%7C1496241227',
)
[ info ] [ PARAM ] array (
)
[ info ] [ RUN ] app\index\controller\Photo->shan[ D:\wamp\www\jyj\application\index\controller\Photo.php ]
[ info ] [ DB ] INIT mysql
[ info ] [ LOG ] INIT File
[ sql ] [ DB ] CONNECT:[ UseTime:0.003000s ] mysql:dbname=mycard;host=localhost;port=3306;charset=utf8
[ sql ] [ SQL ] SHOW COLUMNS FROM `tp_photo` [ RunTime:0.015000s ]
[ error ] [10501]SQLSTATE[42S22]: Column not found: 1054 Champ 'i.' inconnu dans field list[D:\wamp\www\jyj\thinkphp\library\think\db\Connection.php:383]

---------------------------------------------------------------
[ 2017-06-01T22:00:08+08:00 ] ::1 ::1 GET /jyj/photo/shan.html
[ log ] localhost/jyj/photo/shan.html [运行时间：0.144008s][吞吐率：6.94req/s] [内存消耗：2,719.95kb] [文件加载：57]
[ info ] [ LANG ] D:\wamp\www\jyj\thinkphp\lang\zh-cn.php
[ info ] [ BIND ] 'index'
[ info ] [ ROUTE ] array (
  'type' => 'module',
  'module' => 
  array (
    0 => 'index',
    1 => 'photo',
    2 => 'shan',
  ),
)
[ info ] [ HEADER ] array (
  'host' => 'localhost',
  'connection' => 'keep-alive',
  'cache-control' => 'max-age=0',
  'accept' => 'text/html,application/xhtml+xml,application/xml;q=0.9,image/webp,*/*;q=0.8',
  'upgrade-insecure-requests' => '1',
  'user-agent' => 'Mozilla/5.0 (Windows NT 6.1; WOW64) AppleWebKit/537.36 (KHTML, like Gecko) Chrome/50.0.2661.102 Safari/537.36',
  'referer' => 'http://localhost/jyj/photo/ren.html',
  'accept-encoding' => 'gzip, deflate, sdch',
  'accept-language' => 'zh-CN,zh;q=0.8,zh-TW;q=0.6',
  'cookie' => 'UM_distinctid=15c5e8198e515e-026b93dc2344bd-414a0229-100200-15c5e8198e826d; jiathis_rdc=%7B%22http%3A//localhost/jyj/movie/content.html%3Fmid%3D9%22%3A%220%7C1496234752709%22%7D; CNZZDATA1261352376=177289733-1496234122-%7C1496241227',
)
[ info ] [ PARAM ] array (
)
[ info ] [ RUN ] app\index\controller\Photo->shan[ D:\wamp\www\jyj\application\index\controller\Photo.php ]
[ info ] [ DB ] INIT mysql
[ info ] [ LOG ] INIT File
[ sql ] [ DB ] CONNECT:[ UseTime:0.003001s ] mysql:dbname=mycard;host=localhost;port=3306;charset=utf8
[ sql ] [ SQL ] SHOW COLUMNS FROM `tp_photo` [ RunTime:0.016001s ]
[ error ] [10501]SQLSTATE[42S22]: Column not found: 1054 Champ 'i.' inconnu dans field list[D:\wamp\www\jyj\thinkphp\library\think\db\Connection.php:383]

---------------------------------------------------------------
[ 2017-06-01T22:00:22+08:00 ] ::1 ::1 GET /jyj/photo/shan.html
[ log ] localhost/jyj/photo/shan.html [运行时间：0.146008s][吞吐率：6.85req/s] [内存消耗：2,743.02kb] [文件加载：54]
[ info ] [ LANG ] D:\wamp\www\jyj\thinkphp\lang\zh-cn.php
[ info ] [ BIND ] 'index'
[ info ] [ ROUTE ] array (
  'type' => 'module',
  'module' => 
  array (
    0 => 'index',
    1 => 'photo',
    2 => 'shan',
  ),
)
[ info ] [ HEADER ] array (
  'host' => 'localhost',
  'connection' => 'keep-alive',
  'cache-control' => 'max-age=0',
  'accept' => 'text/html,application/xhtml+xml,application/xml;q=0.9,image/webp,*/*;q=0.8',
  'upgrade-insecure-requests' => '1',
  'user-agent' => 'Mozilla/5.0 (Windows NT 6.1; WOW64) AppleWebKit/537.36 (KHTML, like Gecko) Chrome/50.0.2661.102 Safari/537.36',
  'referer' => 'http://localhost/jyj/photo/ren.html',
  'accept-encoding' => 'gzip, deflate, sdch',
  'accept-language' => 'zh-CN,zh;q=0.8,zh-TW;q=0.6',
  'cookie' => 'UM_distinctid=15c5e8198e515e-026b93dc2344bd-414a0229-100200-15c5e8198e826d; jiathis_rdc=%7B%22http%3A//localhost/jyj/movie/content.html%3Fmid%3D9%22%3A%220%7C1496234752709%22%7D; CNZZDATA1261352376=177289733-1496234122-%7C1496241227',
)
[ info ] [ PARAM ] array (
)
[ info ] [ RUN ] app\index\controller\Photo->shan[ D:\wamp\www\jyj\application\index\controller\Photo.php ]
[ info ] [ DB ] INIT mysql
[ info ] [ VIEW ] D:\wamp\www\jyj/application/index\view\photo\shan.html [ array (
) ]
[ info ] [ LOG ] INIT File
[ sql ] [ DB ] CONNECT:[ UseTime:0.012001s ] mysql:dbname=mycard;host=localhost;port=3306;charset=utf8
[ sql ] [ SQL ] SHOW COLUMNS FROM `tp_photo` [ RunTime:0.016001s ]
[ sql ] [ SQL ] SELECT `p`.`id`,`p`.`content`,`i`.`pic_url` FROM `tp_photo` `p` INNER JOIN `tp_images` `i` ON `p`.`id`=i.target_id and i.target = 0 WHERE  `p`.`type` = 0 [ RunTime:0.001000s ]

---------------------------------------------------------------
[ 2017-06-01T22:00:29+08:00 ] ::1 ::1 GET /jyj/photo/shan.html
[ log ] localhost/jyj/photo/shan.html [运行时间：0.132008s][吞吐率：7.58req/s] [内存消耗：2,739.52kb] [文件加载：54]
[ info ] [ LANG ] D:\wamp\www\jyj\thinkphp\lang\zh-cn.php
[ info ] [ BIND ] 'index'
[ info ] [ ROUTE ] array (
  'type' => 'module',
  'module' => 
  array (
    0 => 'index',
    1 => 'photo',
    2 => 'shan',
  ),
)
[ info ] [ HEADER ] array (
  'host' => 'localhost',
  'connection' => 'keep-alive',
  'cache-control' => 'max-age=0',
  'accept' => 'text/html,application/xhtml+xml,application/xml;q=0.9,image/webp,*/*;q=0.8',
  'upgrade-insecure-requests' => '1',
  'user-agent' => 'Mozilla/5.0 (Windows NT 6.1; WOW64) AppleWebKit/537.36 (KHTML, like Gecko) Chrome/50.0.2661.102 Safari/537.36',
  'referer' => 'http://localhost/jyj/photo/ren.html',
  'accept-encoding' => 'gzip, deflate, sdch',
  'accept-language' => 'zh-CN,zh;q=0.8,zh-TW;q=0.6',
  'cookie' => 'UM_distinctid=15c5e8198e515e-026b93dc2344bd-414a0229-100200-15c5e8198e826d; jiathis_rdc=%7B%22http%3A//localhost/jyj/movie/content.html%3Fmid%3D9%22%3A%220%7C1496234752709%22%7D; CNZZDATA1261352376=177289733-1496234122-%7C1496241227',
)
[ info ] [ PARAM ] array (
)
[ info ] [ RUN ] app\index\controller\Photo->shan[ D:\wamp\www\jyj\application\index\controller\Photo.php ]
[ info ] [ DB ] INIT mysql
[ info ] [ VIEW ] D:\wamp\www\jyj/application/index\view\photo\shan.html [ array (
) ]
[ info ] [ LOG ] INIT File
[ sql ] [ DB ] CONNECT:[ UseTime:0.003000s ] mysql:dbname=mycard;host=localhost;port=3306;charset=utf8
[ sql ] [ SQL ] SHOW COLUMNS FROM `tp_photo` [ RunTime:0.016001s ]
[ sql ] [ SQL ] SELECT `p`.`id`,`p`.`content`,`i`.`pic_url` FROM `tp_photo` `p` INNER JOIN `tp_images` `i` ON `p`.`id`=i.target_id and i.target = 1 WHERE  `p`.`type` = 0 [ RunTime:0.001000s ]

---------------------------------------------------------------
[ 2017-06-01T22:00:36+08:00 ] ::1 ::1 GET /jyj/photo/shan.html
[ log ] localhost/jyj/photo/shan.html [运行时间：0.144008s][吞吐率：6.94req/s] [内存消耗：2,743.02kb] [文件加载：54]
[ info ] [ LANG ] D:\wamp\www\jyj\thinkphp\lang\zh-cn.php
[ info ] [ BIND ] 'index'
[ info ] [ ROUTE ] array (
  'type' => 'module',
  'module' => 
  array (
    0 => 'index',
    1 => 'photo',
    2 => 'shan',
  ),
)
[ info ] [ HEADER ] array (
  'host' => 'localhost',
  'connection' => 'keep-alive',
  'cache-control' => 'max-age=0',
  'accept' => 'text/html,application/xhtml+xml,application/xml;q=0.9,image/webp,*/*;q=0.8',
  'upgrade-insecure-requests' => '1',
  'user-agent' => 'Mozilla/5.0 (Windows NT 6.1; WOW64) AppleWebKit/537.36 (KHTML, like Gecko) Chrome/50.0.2661.102 Safari/537.36',
  'referer' => 'http://localhost/jyj/photo/ren.html',
  'accept-encoding' => 'gzip, deflate, sdch',
  'accept-language' => 'zh-CN,zh;q=0.8,zh-TW;q=0.6',
  'cookie' => 'UM_distinctid=15c5e8198e515e-026b93dc2344bd-414a0229-100200-15c5e8198e826d; jiathis_rdc=%7B%22http%3A//localhost/jyj/movie/content.html%3Fmid%3D9%22%3A%220%7C1496234752709%22%7D; CNZZDATA1261352376=177289733-1496234122-%7C1496241227',
)
[ info ] [ PARAM ] array (
)
[ info ] [ RUN ] app\index\controller\Photo->shan[ D:\wamp\www\jyj\application\index\controller\Photo.php ]
[ info ] [ DB ] INIT mysql
[ info ] [ VIEW ] D:\wamp\www\jyj/application/index\view\photo\shan.html [ array (
) ]
[ info ] [ LOG ] INIT File
[ sql ] [ DB ] CONNECT:[ UseTime:0.003000s ] mysql:dbname=mycard;host=localhost;port=3306;charset=utf8
[ sql ] [ SQL ] SHOW COLUMNS FROM `tp_photo` [ RunTime:0.017001s ]
[ sql ] [ SQL ] SELECT `p`.`id`,`p`.`content`,`i`.`pic_url` FROM `tp_photo` `p` INNER JOIN `tp_images` `i` ON `p`.`id`=i.target_id and i.target = 0 WHERE  `p`.`type` = 0 [ RunTime:0.001000s ]

---------------------------------------------------------------
[ 2017-06-01T22:02:55+08:00 ] ::1 ::1 GET /jyj/photo/shan.html
[ log ] localhost/jyj/photo/shan.html [运行时间：0.260015s][吞吐率：3.85req/s] [内存消耗：2,902.06kb] [文件加载：58]
[ info ] [ LANG ] D:\wamp\www\jyj\thinkphp\lang\zh-cn.php
[ info ] [ BIND ] 'index'
[ info ] [ ROUTE ] array (
  'type' => 'module',
  'module' => 
  array (
    0 => 'index',
    1 => 'photo',
    2 => 'shan',
  ),
)
[ info ] [ HEADER ] array (
  'host' => 'localhost',
  'connection' => 'keep-alive',
  'cache-control' => 'max-age=0',
  'accept' => 'text/html,application/xhtml+xml,application/xml;q=0.9,image/webp,*/*;q=0.8',
  'upgrade-insecure-requests' => '1',
  'user-agent' => 'Mozilla/5.0 (Windows NT 6.1; WOW64) AppleWebKit/537.36 (KHTML, like Gecko) Chrome/50.0.2661.102 Safari/537.36',
  'referer' => 'http://localhost/jyj/photo/ren.html',
  'accept-encoding' => 'gzip, deflate, sdch',
  'accept-language' => 'zh-CN,zh;q=0.8,zh-TW;q=0.6',
  'cookie' => 'UM_distinctid=15c5e8198e515e-026b93dc2344bd-414a0229-100200-15c5e8198e826d; jiathis_rdc=%7B%22http%3A//localhost/jyj/movie/content.html%3Fmid%3D9%22%3A%220%7C1496234752709%22%7D; CNZZDATA1261352376=177289733-1496234122-%7C1496241227',
)
[ info ] [ PARAM ] array (
)
[ info ] [ RUN ] app\index\controller\Photo->shan[ D:\wamp\www\jyj\application\index\controller\Photo.php ]
[ info ] [ DB ] INIT mysql
[ info ] [ VIEW ] D:\wamp\www\jyj/application/index\view\photo\shan.html [ array (
  0 => 'data',
) ]
[ info ] [ LOG ] INIT File
[ sql ] [ DB ] CONNECT:[ UseTime:0.012000s ] mysql:dbname=mycard;host=localhost;port=3306;charset=utf8
[ sql ] [ SQL ] SHOW COLUMNS FROM `tp_photo` [ RunTime:0.016001s ]
[ sql ] [ SQL ] SELECT `p`.`id`,`p`.`content`,`i`.`pic_url` FROM `tp_photo` `p` INNER JOIN `tp_images` `i` ON `p`.`id`=i.target_id and i.target = 0 WHERE  `p`.`type` = 0 [ RunTime:0.001000s ]
[ error ] [8]未定义数组索引: id[D:\wamp\www\jyj\thinkphp\library\think\template\taglib\Cx.php:84]

---------------------------------------------------------------
[ 2017-06-01T22:03:05+08:00 ] ::1 ::1 GET /jyj/photo/shan.html
[ log ] localhost/jyj/photo/shan.html [运行时间：0.144008s][吞吐率：6.94req/s] [内存消耗：2,919.59kb] [文件加载：56]
[ info ] [ LANG ] D:\wamp\www\jyj\thinkphp\lang\zh-cn.php
[ info ] [ BIND ] 'index'
[ info ] [ ROUTE ] array (
  'type' => 'module',
  'module' => 
  array (
    0 => 'index',
    1 => 'photo',
    2 => 'shan',
  ),
)
[ info ] [ HEADER ] array (
  'host' => 'localhost',
  'connection' => 'keep-alive',
  'cache-control' => 'max-age=0',
  'accept' => 'text/html,application/xhtml+xml,application/xml;q=0.9,image/webp,*/*;q=0.8',
  'upgrade-insecure-requests' => '1',
  'user-agent' => 'Mozilla/5.0 (Windows NT 6.1; WOW64) AppleWebKit/537.36 (KHTML, like Gecko) Chrome/50.0.2661.102 Safari/537.36',
  'referer' => 'http://localhost/jyj/photo/ren.html',
  'accept-encoding' => 'gzip, deflate, sdch',
  'accept-language' => 'zh-CN,zh;q=0.8,zh-TW;q=0.6',
  'cookie' => 'UM_distinctid=15c5e8198e515e-026b93dc2344bd-414a0229-100200-15c5e8198e826d; jiathis_rdc=%7B%22http%3A//localhost/jyj/movie/content.html%3Fmid%3D9%22%3A%220%7C1496234752709%22%7D; CNZZDATA1261352376=177289733-1496234122-%7C1496241227',
)
[ info ] [ PARAM ] array (
)
[ info ] [ RUN ] app\index\controller\Photo->shan[ D:\wamp\www\jyj\application\index\controller\Photo.php ]
[ info ] [ DB ] INIT mysql
[ info ] [ VIEW ] D:\wamp\www\jyj/application/index\view\photo\shan.html [ array (
  0 => 'data',
) ]
[ info ] [ LOG ] INIT File
[ sql ] [ DB ] CONNECT:[ UseTime:0.003000s ] mysql:dbname=mycard;host=localhost;port=3306;charset=utf8
[ sql ] [ SQL ] SHOW COLUMNS FROM `tp_photo` [ RunTime:0.015001s ]
[ sql ] [ SQL ] SELECT `p`.`id`,`p`.`content`,`i`.`pic_url` FROM `tp_photo` `p` INNER JOIN `tp_images` `i` ON `p`.`id`=i.target_id and i.target = 0 WHERE  `p`.`type` = 0 [ RunTime:0.001000s ]

---------------------------------------------------------------
[ 2017-06-01T22:03:06+08:00 ] ::1 ::1 GET /jyj/photo/%7Bda.pic_url%7D
[ log ] localhost/jyj/photo/%7Bda.pic_url%7D [运行时间：0.129008s][吞吐率：7.75req/s] [内存消耗：1,905.77kb] [文件加载：48]
[ info ] [ LANG ] D:\wamp\www\jyj\thinkphp\lang\zh-cn.php
[ info ] [ BIND ] 'index'
[ info ] [ ROUTE ] array (
  'type' => 'module',
  'module' => 
  array (
    0 => 'index',
    1 => 'photo',
    2 => '{da.pic_url}',
  ),
)
[ info ] [ HEADER ] array (
  'host' => 'localhost',
  'connection' => 'keep-alive',
  'cache-control' => 'max-age=0',
  'accept' => 'image/webp,image/*,*/*;q=0.8',
  'user-agent' => 'Mozilla/5.0 (Windows NT 6.1; WOW64) AppleWebKit/537.36 (KHTML, like Gecko) Chrome/50.0.2661.102 Safari/537.36',
  'referer' => 'http://localhost/jyj/photo/shan.html',
  'accept-encoding' => 'gzip, deflate, sdch',
  'accept-language' => 'zh-CN,zh;q=0.8,zh-TW;q=0.6',
  'cookie' => 'UM_distinctid=15c5e8198e515e-026b93dc2344bd-414a0229-100200-15c5e8198e826d; jiathis_rdc=%7B%22http%3A//localhost/jyj/movie/content.html%3Fmid%3D9%22%3A%220%7C1496234752709%22%7D; CNZZDATA1261352376=177289733-1496234122-%7C1496241227',
)
[ info ] [ PARAM ] array (
)
[ info ] [ LOG ] INIT File

---------------------------------------------------------------
[ 2017-06-01T22:03:37+08:00 ] ::1 ::1 GET /jyj/photo/shan.html
[ log ] localhost/jyj/photo/shan.html [运行时间：0.148008s][吞吐率：6.76req/s] [内存消耗：2,922.06kb] [文件加载：56]
[ info ] [ LANG ] D:\wamp\www\jyj\thinkphp\lang\zh-cn.php
[ info ] [ BIND ] 'index'
[ info ] [ ROUTE ] array (
  'type' => 'module',
  'module' => 
  array (
    0 => 'index',
    1 => 'photo',
    2 => 'shan',
  ),
)
[ info ] [ HEADER ] array (
  'host' => 'localhost',
  'connection' => 'keep-alive',
  'cache-control' => 'max-age=0',
  'accept' => 'text/html,application/xhtml+xml,application/xml;q=0.9,image/webp,*/*;q=0.8',
  'upgrade-insecure-requests' => '1',
  'user-agent' => 'Mozilla/5.0 (Windows NT 6.1; WOW64) AppleWebKit/537.36 (KHTML, like Gecko) Chrome/50.0.2661.102 Safari/537.36',
  'referer' => 'http://localhost/jyj/photo/ren.html',
  'accept-encoding' => 'gzip, deflate, sdch',
  'accept-language' => 'zh-CN,zh;q=0.8,zh-TW;q=0.6',
  'cookie' => 'UM_distinctid=15c5e8198e515e-026b93dc2344bd-414a0229-100200-15c5e8198e826d; jiathis_rdc=%7B%22http%3A//localhost/jyj/movie/content.html%3Fmid%3D9%22%3A%220%7C1496234752709%22%7D; CNZZDATA1261352376=177289733-1496234122-%7C1496241227',
)
[ info ] [ PARAM ] array (
)
[ info ] [ RUN ] app\index\controller\Photo->shan[ D:\wamp\www\jyj\application\index\controller\Photo.php ]
[ info ] [ DB ] INIT mysql
[ info ] [ VIEW ] D:\wamp\www\jyj/application/index\view\photo\shan.html [ array (
  0 => 'data',
) ]
[ info ] [ LOG ] INIT File
[ sql ] [ DB ] CONNECT:[ UseTime:0.003000s ] mysql:dbname=mycard;host=localhost;port=3306;charset=utf8
[ sql ] [ SQL ] SHOW COLUMNS FROM `tp_photo` [ RunTime:0.016001s ]
[ sql ] [ SQL ] SELECT `p`.`id`,`p`.`content`,`i`.`pic_url` FROM `tp_photo` `p` INNER JOIN `tp_images` `i` ON `p`.`id`=i.target_id and i.target = 0 WHERE  `p`.`type` = 0 [ RunTime:0.002000s ]

---------------------------------------------------------------
[ 2017-06-01T22:03:56+08:00 ] ::1 ::1 GET /jyj/photo/shan.html
[ log ] localhost/jyj/photo/shan.html [运行时间：0.143008s][吞吐率：6.99req/s] [内存消耗：2,919.02kb] [文件加载：56]
[ info ] [ LANG ] D:\wamp\www\jyj\thinkphp\lang\zh-cn.php
[ info ] [ BIND ] 'index'
[ info ] [ ROUTE ] array (
  'type' => 'module',
  'module' => 
  array (
    0 => 'index',
    1 => 'photo',
    2 => 'shan',
  ),
)
[ info ] [ HEADER ] array (
  'host' => 'localhost',
  'connection' => 'keep-alive',
  'cache-control' => 'max-age=0',
  'accept' => 'text/html,application/xhtml+xml,application/xml;q=0.9,image/webp,*/*;q=0.8',
  'upgrade-insecure-requests' => '1',
  'user-agent' => 'Mozilla/5.0 (Windows NT 6.1; WOW64) AppleWebKit/537.36 (KHTML, like Gecko) Chrome/50.0.2661.102 Safari/537.36',
  'referer' => 'http://localhost/jyj/photo/ren.html',
  'accept-encoding' => 'gzip, deflate, sdch',
  'accept-language' => 'zh-CN,zh;q=0.8,zh-TW;q=0.6',
  'cookie' => 'UM_distinctid=15c5e8198e515e-026b93dc2344bd-414a0229-100200-15c5e8198e826d; jiathis_rdc=%7B%22http%3A//localhost/jyj/movie/content.html%3Fmid%3D9%22%3A%220%7C1496234752709%22%7D; CNZZDATA1261352376=177289733-1496234122-%7C1496241227',
)
[ info ] [ PARAM ] array (
)
[ info ] [ RUN ] app\index\controller\Photo->shan[ D:\wamp\www\jyj\application\index\controller\Photo.php ]
[ info ] [ DB ] INIT mysql
[ info ] [ VIEW ] D:\wamp\www\jyj/application/index\view\photo\shan.html [ array (
  0 => 'data',
) ]
[ info ] [ LOG ] INIT File
[ sql ] [ DB ] CONNECT:[ UseTime:0.003000s ] mysql:dbname=mycard;host=localhost;port=3306;charset=utf8
[ sql ] [ SQL ] SHOW COLUMNS FROM `tp_photo` [ RunTime:0.016001s ]
[ sql ] [ SQL ] SELECT `p`.`id`,`p`.`content`,`i`.`pic_url` FROM `tp_photo` `p` INNER JOIN `tp_images` `i` ON `p`.`id`=i.target_id and i.target = 0 WHERE  `p`.`type` = 0 [ RunTime:0.001001s ]

---------------------------------------------------------------
[ 2017-06-01T22:04:11+08:00 ] ::1 ::1 GET /jyj/photo/ren.html
[ log ] localhost/jyj/photo/ren.html [运行时间：0.088005s][吞吐率：11.36req/s] [内存消耗：1,931.59kb] [文件加载：47]
[ info ] [ LANG ] D:\wamp\www\jyj\thinkphp\lang\zh-cn.php
[ info ] [ BIND ] 'index'
[ info ] [ ROUTE ] array (
  'type' => 'module',
  'module' => 
  array (
    0 => 'index',
    1 => 'photo',
    2 => 'ren',
  ),
)
[ info ] [ HEADER ] array (
  'host' => 'localhost',
  'connection' => 'keep-alive',
  'accept' => 'text/html,application/xhtml+xml,application/xml;q=0.9,image/webp,*/*;q=0.8',
  'upgrade-insecure-requests' => '1',
  'user-agent' => 'Mozilla/5.0 (Windows NT 6.1; WOW64) AppleWebKit/537.36 (KHTML, like Gecko) Chrome/50.0.2661.102 Safari/537.36',
  'referer' => 'http://localhost/jyj/photo/shan.html',
  'accept-encoding' => 'gzip, deflate, sdch',
  'accept-language' => 'zh-CN,zh;q=0.8,zh-TW;q=0.6',
  'cookie' => 'UM_distinctid=15c5e8198e515e-026b93dc2344bd-414a0229-100200-15c5e8198e826d; jiathis_rdc=%7B%22http%3A//localhost/jyj/movie/content.html%3Fmid%3D9%22%3A%220%7C1496234752709%22%7D; CNZZDATA1261352376=177289733-1496234122-%7C1496241227',
)
[ info ] [ PARAM ] array (
)
[ info ] [ RUN ] app\index\controller\Photo->ren[ D:\wamp\www\jyj\application\index\controller\Photo.php ]
[ info ] [ VIEW ] D:\wamp\www\jyj/application/index\view\photo\ren.html [ array (
) ]
[ info ] [ LOG ] INIT File

---------------------------------------------------------------
[ 2017-06-01T22:06:54+08:00 ] ::1 ::1 GET /jyj/photo/ren.html
[ log ] localhost/jyj/photo/ren.html [运行时间：0.107006s][吞吐率：9.35req/s] [内存消耗：2,107.06kb] [文件加载：49]
[ info ] [ LANG ] D:\wamp\www\jyj\thinkphp\lang\zh-cn.php
[ info ] [ BIND ] 'index'
[ info ] [ ROUTE ] array (
  'type' => 'module',
  'module' => 
  array (
    0 => 'index',
    1 => 'photo',
    2 => 'ren',
  ),
)
[ info ] [ HEADER ] array (
  'host' => 'localhost',
  'connection' => 'keep-alive',
  'cache-control' => 'max-age=0',
  'accept' => 'text/html,application/xhtml+xml,application/xml;q=0.9,image/webp,*/*;q=0.8',
  'upgrade-insecure-requests' => '1',
  'user-agent' => 'Mozilla/5.0 (Windows NT 6.1; WOW64) AppleWebKit/537.36 (KHTML, like Gecko) Chrome/50.0.2661.102 Safari/537.36',
  'referer' => 'http://localhost/jyj/photo/shan.html',
  'accept-encoding' => 'gzip, deflate, sdch',
  'accept-language' => 'zh-CN,zh;q=0.8,zh-TW;q=0.6',
  'cookie' => 'UM_distinctid=15c5e8198e515e-026b93dc2344bd-414a0229-100200-15c5e8198e826d; jiathis_rdc=%7B%22http%3A//localhost/jyj/movie/content.html%3Fmid%3D9%22%3A%220%7C1496234752709%22%7D; CNZZDATA1261352376=177289733-1496234122-%7C1496241227',
)
[ info ] [ PARAM ] array (
)
[ info ] [ RUN ] app\index\controller\Photo->ren[ D:\wamp\www\jyj\application\index\controller\Photo.php ]
[ info ] [ VIEW ] D:\wamp\www\jyj/application/index\view\photo\ren.html [ array (
) ]
[ info ] [ LOG ] INIT File

---------------------------------------------------------------
[ 2017-06-01T22:17:09+08:00 ] ::1 ::1 GET /jyj/photo/ren.html
[ log ] localhost/jyj/photo/ren.html [运行时间：0.164009s][吞吐率：6.10req/s] [内存消耗：2,752.66kb] [文件加载：54]
[ info ] [ LANG ] D:\wamp\www\jyj\thinkphp\lang\zh-cn.php
[ info ] [ BIND ] 'index'
[ info ] [ ROUTE ] array (
  'type' => 'module',
  'module' => 
  array (
    0 => 'index',
    1 => 'photo',
    2 => 'ren',
  ),
)
[ info ] [ HEADER ] array (
  'host' => 'localhost',
  'connection' => 'keep-alive',
  'cache-control' => 'max-age=0',
  'accept' => 'text/html,application/xhtml+xml,application/xml;q=0.9,image/webp,*/*;q=0.8',
  'upgrade-insecure-requests' => '1',
  'user-agent' => 'Mozilla/5.0 (Windows NT 6.1; WOW64) AppleWebKit/537.36 (KHTML, like Gecko) Chrome/50.0.2661.102 Safari/537.36',
  'referer' => 'http://localhost/jyj/photo/shan.html',
  'accept-encoding' => 'gzip, deflate, sdch',
  'accept-language' => 'zh-CN,zh;q=0.8,zh-TW;q=0.6',
  'cookie' => 'UM_distinctid=15c5e8198e515e-026b93dc2344bd-414a0229-100200-15c5e8198e826d; jiathis_rdc=%7B%22http%3A//localhost/jyj/movie/content.html%3Fmid%3D9%22%3A%220%7C1496234752709%22%7D; CNZZDATA1261352376=177289733-1496234122-%7C1496241227',
)
[ info ] [ PARAM ] array (
)
[ info ] [ RUN ] app\index\controller\Photo->ren[ D:\wamp\www\jyj\application\index\controller\Photo.php ]
[ info ] [ DB ] INIT mysql
[ info ] [ VIEW ] D:\wamp\www\jyj/application/index\view\photo\ren.html [ array (
) ]
[ info ] [ LOG ] INIT File
[ sql ] [ DB ] CONNECT:[ UseTime:0.004000s ] mysql:dbname=mycard;host=localhost;port=3306;charset=utf8
[ sql ] [ SQL ] SHOW COLUMNS FROM `tp_photo` [ RunTime:0.017001s ]
[ sql ] [ SQL ] SELECT * FROM `tp_photo` WHERE  `type` = 1 LIMIT 1 [ RunTime:0.002000s ]
[ sql ] [ SQL ] SHOW COLUMNS FROM `tp_images` [ RunTime:0.017001s ]
[ sql ] [ SQL ] SELECT * FROM `tp_images` WHERE  `target_id` = 4  AND `target` = 0 [ RunTime:0.001000s ]

---------------------------------------------------------------
[ 2017-06-01T22:19:53+08:00 ] ::1 ::1 GET /jyj/photo/ren.html
[ log ] localhost/jyj/photo/ren.html [运行时间：0.200012s][吞吐率：5.00req/s] [内存消耗：2,936.55kb] [文件加载：56]
[ info ] [ LANG ] D:\wamp\www\jyj\thinkphp\lang\zh-cn.php
[ info ] [ BIND ] 'index'
[ info ] [ ROUTE ] array (
  'type' => 'module',
  'module' => 
  array (
    0 => 'index',
    1 => 'photo',
    2 => 'ren',
  ),
)
[ info ] [ HEADER ] array (
  'host' => 'localhost',
  'connection' => 'keep-alive',
  'cache-control' => 'max-age=0',
  'accept' => 'text/html,application/xhtml+xml,application/xml;q=0.9,image/webp,*/*;q=0.8',
  'upgrade-insecure-requests' => '1',
  'user-agent' => 'Mozilla/5.0 (Windows NT 6.1; WOW64) AppleWebKit/537.36 (KHTML, like Gecko) Chrome/50.0.2661.102 Safari/537.36',
  'referer' => 'http://localhost/jyj/photo/shan.html',
  'accept-encoding' => 'gzip, deflate, sdch',
  'accept-language' => 'zh-CN,zh;q=0.8,zh-TW;q=0.6',
  'cookie' => 'UM_distinctid=15c5e8198e515e-026b93dc2344bd-414a0229-100200-15c5e8198e826d; jiathis_rdc=%7B%22http%3A//localhost/jyj/movie/content.html%3Fmid%3D9%22%3A%220%7C1496234752709%22%7D; CNZZDATA1261352376=177289733-1496234122-%7C1496241227',
)
[ info ] [ PARAM ] array (
)
[ info ] [ RUN ] app\index\controller\Photo->ren[ D:\wamp\www\jyj\application\index\controller\Photo.php ]
[ info ] [ DB ] INIT mysql
[ info ] [ VIEW ] D:\wamp\www\jyj/application/index\view\photo\ren.html [ array (
  0 => 'con',
  1 => 'img',
) ]
[ info ] [ LOG ] INIT File
[ sql ] [ DB ] CONNECT:[ UseTime:0.030002s ] mysql:dbname=mycard;host=localhost;port=3306;charset=utf8
[ sql ] [ SQL ] SHOW COLUMNS FROM `tp_photo` [ RunTime:0.015001s ]
[ sql ] [ SQL ] SELECT * FROM `tp_photo` WHERE  `type` = 1 LIMIT 1 [ RunTime:0.001000s ]
[ sql ] [ SQL ] SHOW COLUMNS FROM `tp_images` [ RunTime:0.014001s ]
[ sql ] [ SQL ] SELECT * FROM `tp_images` WHERE  `target_id` = 4  AND `target` = 0 [ RunTime:0.002000s ]

---------------------------------------------------------------
[ 2017-06-01T22:20:31+08:00 ] ::1 ::1 GET /jyj/photo/ren.html
[ log ] localhost/jyj/photo/ren.html [运行时间：0.173010s][吞吐率：5.78req/s] [内存消耗：2,939.17kb] [文件加载：56]
[ info ] [ LANG ] D:\wamp\www\jyj\thinkphp\lang\zh-cn.php
[ info ] [ BIND ] 'index'
[ info ] [ ROUTE ] array (
  'type' => 'module',
  'module' => 
  array (
    0 => 'index',
    1 => 'photo',
    2 => 'ren',
  ),
)
[ info ] [ HEADER ] array (
  'host' => 'localhost',
  'connection' => 'keep-alive',
  'cache-control' => 'max-age=0',
  'accept' => 'text/html,application/xhtml+xml,application/xml;q=0.9,image/webp,*/*;q=0.8',
  'upgrade-insecure-requests' => '1',
  'user-agent' => 'Mozilla/5.0 (Windows NT 6.1; WOW64) AppleWebKit/537.36 (KHTML, like Gecko) Chrome/50.0.2661.102 Safari/537.36',
  'referer' => 'http://localhost/jyj/photo/shan.html',
  'accept-encoding' => 'gzip, deflate, sdch',
  'accept-language' => 'zh-CN,zh;q=0.8,zh-TW;q=0.6',
  'cookie' => 'UM_distinctid=15c5e8198e515e-026b93dc2344bd-414a0229-100200-15c5e8198e826d; jiathis_rdc=%7B%22http%3A//localhost/jyj/movie/content.html%3Fmid%3D9%22%3A%220%7C1496234752709%22%7D; CNZZDATA1261352376=177289733-1496234122-%7C1496241227',
)
[ info ] [ PARAM ] array (
)
[ info ] [ RUN ] app\index\controller\Photo->ren[ D:\wamp\www\jyj\application\index\controller\Photo.php ]
[ info ] [ DB ] INIT mysql
[ info ] [ VIEW ] D:\wamp\www\jyj/application/index\view\photo\ren.html [ array (
  0 => 'con',
  1 => 'img',
) ]
[ info ] [ LOG ] INIT File
[ sql ] [ DB ] CONNECT:[ UseTime:0.004000s ] mysql:dbname=mycard;host=localhost;port=3306;charset=utf8
[ sql ] [ SQL ] SHOW COLUMNS FROM `tp_photo` [ RunTime:0.015001s ]
[ sql ] [ SQL ] SELECT * FROM `tp_photo` WHERE  `type` = 1 LIMIT 1 [ RunTime:0.001000s ]
[ sql ] [ SQL ] SHOW COLUMNS FROM `tp_images` [ RunTime:0.014001s ]
[ sql ] [ SQL ] SELECT * FROM `tp_images` WHERE  `target_id` = 4  AND `target` = 0 [ RunTime:0.001000s ]

---------------------------------------------------------------
[ 2017-06-01T22:20:36+08:00 ] ::1 ::1 GET /jyj/photo/xian.html
[ log ] localhost/jyj/photo/xian.html [运行时间：0.108006s][吞吐率：9.26req/s] [内存消耗：1,934.76kb] [文件加载：47]
[ info ] [ LANG ] D:\wamp\www\jyj\thinkphp\lang\zh-cn.php
[ info ] [ BIND ] 'index'
[ info ] [ ROUTE ] array (
  'type' => 'module',
  'module' => 
  array (
    0 => 'index',
    1 => 'photo',
    2 => 'xian',
  ),
)
[ info ] [ HEADER ] array (
  'host' => 'localhost',
  'connection' => 'keep-alive',
  'accept' => 'text/html,application/xhtml+xml,application/xml;q=0.9,image/webp,*/*;q=0.8',
  'upgrade-insecure-requests' => '1',
  'user-agent' => 'Mozilla/5.0 (Windows NT 6.1; WOW64) AppleWebKit/537.36 (KHTML, like Gecko) Chrome/50.0.2661.102 Safari/537.36',
  'referer' => 'http://localhost/jyj/photo/ren.html',
  'accept-encoding' => 'gzip, deflate, sdch',
  'accept-language' => 'zh-CN,zh;q=0.8,zh-TW;q=0.6',
  'cookie' => 'UM_distinctid=15c5e8198e515e-026b93dc2344bd-414a0229-100200-15c5e8198e826d; jiathis_rdc=%7B%22http%3A//localhost/jyj/movie/content.html%3Fmid%3D9%22%3A%220%7C1496234752709%22%7D; CNZZDATA1261352376=177289733-1496234122-%7C1496241227',
)
[ info ] [ PARAM ] array (
)
[ info ] [ RUN ] app\index\controller\Photo->xian[ D:\wamp\www\jyj\application\index\controller\Photo.php ]
[ info ] [ VIEW ] D:\wamp\www\jyj/application/index\view\photo\xian.html [ array (
) ]
[ info ] [ LOG ] INIT File

---------------------------------------------------------------
[ 2017-06-01T22:24:29+08:00 ] ::1 ::1 GET /jyj/photo/xian.html
[ log ] localhost/jyj/photo/xian.html [运行时间：0.186011s][吞吐率：5.38req/s] [内存消耗：2,933.92kb] [文件加载：56]
[ info ] [ LANG ] D:\wamp\www\jyj\thinkphp\lang\zh-cn.php
[ info ] [ BIND ] 'index'
[ info ] [ ROUTE ] array (
  'type' => 'module',
  'module' => 
  array (
    0 => 'index',
    1 => 'photo',
    2 => 'xian',
  ),
)
[ info ] [ HEADER ] array (
  'host' => 'localhost',
  'connection' => 'keep-alive',
  'cache-control' => 'max-age=0',
  'accept' => 'text/html,application/xhtml+xml,application/xml;q=0.9,image/webp,*/*;q=0.8',
  'upgrade-insecure-requests' => '1',
  'user-agent' => 'Mozilla/5.0 (Windows NT 6.1; WOW64) AppleWebKit/537.36 (KHTML, like Gecko) Chrome/50.0.2661.102 Safari/537.36',
  'referer' => 'http://localhost/jyj/photo/ren.html',
  'accept-encoding' => 'gzip, deflate, sdch',
  'accept-language' => 'zh-CN,zh;q=0.8,zh-TW;q=0.6',
  'cookie' => 'UM_distinctid=15c5e8198e515e-026b93dc2344bd-414a0229-100200-15c5e8198e826d; jiathis_rdc=%7B%22http%3A//localhost/jyj/movie/content.html%3Fmid%3D9%22%3A%220%7C1496234752709%22%7D; CNZZDATA1261352376=177289733-1496234122-%7C1496241227',
)
[ info ] [ PARAM ] array (
)
[ info ] [ RUN ] app\index\controller\Photo->xian[ D:\wamp\www\jyj\application\index\controller\Photo.php ]
[ info ] [ DB ] INIT mysql
[ info ] [ VIEW ] D:\wamp\www\jyj/application/index\view\photo\xian.html [ array (
  0 => 'con',
  1 => 'img',
) ]
[ info ] [ LOG ] INIT File
[ sql ] [ DB ] CONNECT:[ UseTime:0.004000s ] mysql:dbname=mycard;host=localhost;port=3306;charset=utf8
[ sql ] [ SQL ] SHOW COLUMNS FROM `tp_photo` [ RunTime:0.016001s ]
[ sql ] [ SQL ] SELECT * FROM `tp_photo` WHERE  `type` = 2 LIMIT 1 [ RunTime:0.001000s ]
[ sql ] [ SQL ] SHOW COLUMNS FROM `tp_images` [ RunTime:0.015001s ]
[ sql ] [ SQL ] SELECT * FROM `tp_images` WHERE  `target_id` = 5  AND `target` = 0 [ RunTime:0.001000s ]

---------------------------------------------------------------
[ 2017-06-01T22:24:57+08:00 ] ::1 ::1 GET /jyj/photo/xian.html
[ log ] localhost/jyj/photo/xian.html [运行时间：0.169009s][吞吐率：5.92req/s] [内存消耗：2,934.02kb] [文件加载：56]
[ info ] [ LANG ] D:\wamp\www\jyj\thinkphp\lang\zh-cn.php
[ info ] [ BIND ] 'index'
[ info ] [ ROUTE ] array (
  'type' => 'module',
  'module' => 
  array (
    0 => 'index',
    1 => 'photo',
    2 => 'xian',
  ),
)
[ info ] [ HEADER ] array (
  'host' => 'localhost',
  'connection' => 'keep-alive',
  'cache-control' => 'max-age=0',
  'accept' => 'text/html,application/xhtml+xml,application/xml;q=0.9,image/webp,*/*;q=0.8',
  'upgrade-insecure-requests' => '1',
  'user-agent' => 'Mozilla/5.0 (Windows NT 6.1; WOW64) AppleWebKit/537.36 (KHTML, like Gecko) Chrome/50.0.2661.102 Safari/537.36',
  'referer' => 'http://localhost/jyj/photo/ren.html',
  'accept-encoding' => 'gzip, deflate, sdch',
  'accept-language' => 'zh-CN,zh;q=0.8,zh-TW;q=0.6',
  'cookie' => 'UM_distinctid=15c5e8198e515e-026b93dc2344bd-414a0229-100200-15c5e8198e826d; jiathis_rdc=%7B%22http%3A//localhost/jyj/movie/content.html%3Fmid%3D9%22%3A%220%7C1496234752709%22%7D; CNZZDATA1261352376=177289733-1496234122-%7C1496241227',
)
[ info ] [ PARAM ] array (
)
[ info ] [ RUN ] app\index\controller\Photo->xian[ D:\wamp\www\jyj\application\index\controller\Photo.php ]
[ info ] [ DB ] INIT mysql
[ info ] [ VIEW ] D:\wamp\www\jyj/application/index\view\photo\xian.html [ array (
  0 => 'con',
  1 => 'img',
) ]
[ info ] [ LOG ] INIT File
[ sql ] [ DB ] CONNECT:[ UseTime:0.003000s ] mysql:dbname=mycard;host=localhost;port=3306;charset=utf8
[ sql ] [ SQL ] SHOW COLUMNS FROM `tp_photo` [ RunTime:0.016001s ]
[ sql ] [ SQL ] SELECT * FROM `tp_photo` WHERE  `type` = 2 LIMIT 1 [ RunTime:0.001000s ]
[ sql ] [ SQL ] SHOW COLUMNS FROM `tp_images` [ RunTime:0.015000s ]
[ sql ] [ SQL ] SELECT * FROM `tp_images` WHERE  `target_id` = 5  AND `target` = 0 [ RunTime:0.001001s ]

---------------------------------------------------------------
[ 2017-06-01T22:25:02+08:00 ] ::1 ::1 GET /jyj/photo/view.html
[ log ] localhost/jyj/photo/view.html [运行时间：0.111006s][吞吐率：9.01req/s] [内存消耗：1,937.70kb] [文件加载：47]
[ info ] [ LANG ] D:\wamp\www\jyj\thinkphp\lang\zh-cn.php
[ info ] [ BIND ] 'index'
[ info ] [ ROUTE ] array (
  'type' => 'module',
  'module' => 
  array (
    0 => 'index',
    1 => 'photo',
    2 => 'view',
  ),
)
[ info ] [ HEADER ] array (
  'host' => 'localhost',
  'connection' => 'keep-alive',
  'accept' => 'text/html,application/xhtml+xml,application/xml;q=0.9,image/webp,*/*;q=0.8',
  'upgrade-insecure-requests' => '1',
  'user-agent' => 'Mozilla/5.0 (Windows NT 6.1; WOW64) AppleWebKit/537.36 (KHTML, like Gecko) Chrome/50.0.2661.102 Safari/537.36',
  'referer' => 'http://localhost/jyj/photo/xian.html',
  'accept-encoding' => 'gzip, deflate, sdch',
  'accept-language' => 'zh-CN,zh;q=0.8,zh-TW;q=0.6',
  'cookie' => 'UM_distinctid=15c5e8198e515e-026b93dc2344bd-414a0229-100200-15c5e8198e826d; jiathis_rdc=%7B%22http%3A//localhost/jyj/movie/content.html%3Fmid%3D9%22%3A%220%7C1496234752709%22%7D; CNZZDATA1261352376=177289733-1496234122-%7C1496241227',
)
[ info ] [ PARAM ] array (
)
[ info ] [ RUN ] app\index\controller\Photo->view[ D:\wamp\www\jyj\application\index\controller\Photo.php ]
[ info ] [ VIEW ] D:\wamp\www\jyj/application/index\view\photo\view.html [ array (
) ]
[ info ] [ LOG ] INIT File

---------------------------------------------------------------
