[ 2017-06-02T06:36:05+08:00 ] ::1 ::1 GET /jyj/photo/view.html
[ log ] localhost/jyj/photo/view.html [运行时间：0.121007s][吞吐率：8.26req/s] [内存消耗：2,117.93kb] [文件加载：49]
[ info ] [ LANG ] D:\wamp\www\jyj\thinkphp\lang\zh-cn.php
[ info ] [ BIND ] 'index'
[ info ] [ ROUTE ] array (
  'type' => 'module',
  'module' => 
  array (
    0 => 'index',
    1 => 'photo',
    2 => 'view',
  ),
)
[ info ] [ HEADER ] array (
  'host' => 'localhost',
  'connection' => 'keep-alive',
  'cache-control' => 'max-age=0',
  'accept' => 'text/html,application/xhtml+xml,application/xml;q=0.9,image/webp,*/*;q=0.8',
  'upgrade-insecure-requests' => '1',
  'user-agent' => 'Mozilla/5.0 (Windows NT 6.1; WOW64) AppleWebKit/537.36 (KHTML, like Gecko) Chrome/50.0.2661.102 Safari/537.36',
  'referer' => 'http://localhost/jyj/photo/xian.html',
  'accept-encoding' => 'gzip, deflate, sdch',
  'accept-language' => 'zh-CN,zh;q=0.8,zh-TW;q=0.6',
  'cookie' => 'UM_distinctid=15c5e8198e515e-026b93dc2344bd-414a0229-100200-15c5e8198e826d; jiathis_rdc=%7B%22http%3A//localhost/jyj/movie/content.html%3Fmid%3D9%22%3A%220%7C1496234752709%22%7D; CNZZDATA1261352376=177289733-1496234122-%7C1496241227',
)
[ info ] [ PARAM ] array (
)
[ info ] [ RUN ] app\index\controller\Photo->view[ D:\wamp\www\jyj\application\index\controller\Photo.php ]
[ info ] [ VIEW ] D:\wamp\www\jyj/application/index\view\photo\view.html [ array (
) ]
[ info ] [ LOG ] INIT File

---------------------------------------------------------------
[ 2017-06-02T06:44:44+08:00 ] ::1 ::1 GET /jyj/photo/view.html
[ log ] localhost/jyj/photo/view.html [运行时间：0.101006s][吞吐率：9.90req/s] [内存消耗：2,026.54kb] [文件加载：48]
[ info ] [ LANG ] D:\wamp\www\jyj\thinkphp\lang\zh-cn.php
[ info ] [ BIND ] 'index'
[ info ] [ ROUTE ] array (
  'type' => 'module',
  'module' => 
  array (
    0 => 'index',
    1 => 'photo',
    2 => 'view',
  ),
)
[ info ] [ HEADER ] array (
  'host' => 'localhost',
  'connection' => 'keep-alive',
  'cache-control' => 'max-age=0',
  'accept' => 'text/html,application/xhtml+xml,application/xml;q=0.9,image/webp,*/*;q=0.8',
  'upgrade-insecure-requests' => '1',
  'user-agent' => 'Mozilla/5.0 (Windows NT 6.1; WOW64) AppleWebKit/537.36 (KHTML, like Gecko) Chrome/50.0.2661.102 Safari/537.36',
  'referer' => 'http://localhost/jyj/photo/xian.html',
  'accept-encoding' => 'gzip, deflate, sdch',
  'accept-language' => 'zh-CN,zh;q=0.8,zh-TW;q=0.6',
  'cookie' => 'UM_distinctid=15c5e8198e515e-026b93dc2344bd-414a0229-100200-15c5e8198e826d; jiathis_rdc=%7B%22http%3A//localhost/jyj/movie/content.html%3Fmid%3D9%22%3A%220%7C1496234752709%22%7D; CNZZDATA1261352376=177289733-1496234122-%7C1496241227',
)
[ info ] [ PARAM ] array (
)
[ info ] [ RUN ] app\index\controller\Photo->view[ D:\wamp\www\jyj\application\index\controller\Photo.php ]
[ info ] [ VIEW ] D:\wamp\www\jyj/application/index\view\photo\view.html [ array (
) ]
[ info ] [ LOG ] INIT File

---------------------------------------------------------------
[ 2017-06-02T06:45:21+08:00 ] ::1 ::1 GET /jyj/photo/view.html
[ log ] localhost/jyj/photo/view.html [运行时间：0.080004s][吞吐率：12.50req/s] [内存消耗：2,026.60kb] [文件加载：48]
[ info ] [ LANG ] D:\wamp\www\jyj\thinkphp\lang\zh-cn.php
[ info ] [ BIND ] 'index'
[ info ] [ ROUTE ] array (
  'type' => 'module',
  'module' => 
  array (
    0 => 'index',
    1 => 'photo',
    2 => 'view',
  ),
)
[ info ] [ HEADER ] array (
  'host' => 'localhost',
  'connection' => 'keep-alive',
  'cache-control' => 'max-age=0',
  'accept' => 'text/html,application/xhtml+xml,application/xml;q=0.9,image/webp,*/*;q=0.8',
  'upgrade-insecure-requests' => '1',
  'user-agent' => 'Mozilla/5.0 (Windows NT 6.1; WOW64) AppleWebKit/537.36 (KHTML, like Gecko) Chrome/50.0.2661.102 Safari/537.36',
  'referer' => 'http://localhost/jyj/photo/xian.html',
  'accept-encoding' => 'gzip, deflate, sdch',
  'accept-language' => 'zh-CN,zh;q=0.8,zh-TW;q=0.6',
  'cookie' => 'UM_distinctid=15c5e8198e515e-026b93dc2344bd-414a0229-100200-15c5e8198e826d; jiathis_rdc=%7B%22http%3A//localhost/jyj/movie/content.html%3Fmid%3D9%22%3A%220%7C1496234752709%22%7D; CNZZDATA1261352376=177289733-1496234122-%7C1496241227',
)
[ info ] [ PARAM ] array (
)
[ info ] [ RUN ] app\index\controller\Photo->view[ D:\wamp\www\jyj\application\index\controller\Photo.php ]
[ info ] [ VIEW ] D:\wamp\www\jyj/application/index\view\photo\view.html [ array (
) ]
[ info ] [ LOG ] INIT File

---------------------------------------------------------------
[ 2017-06-02T06:45:38+08:00 ] ::1 ::1 GET /jyj/photo/view.html
[ log ] localhost/jyj/photo/view.html [运行时间：0.087005s][吞吐率：11.49req/s] [内存消耗：2,026.60kb] [文件加载：48]
[ info ] [ LANG ] D:\wamp\www\jyj\thinkphp\lang\zh-cn.php
[ info ] [ BIND ] 'index'
[ info ] [ ROUTE ] array (
  'type' => 'module',
  'module' => 
  array (
    0 => 'index',
    1 => 'photo',
    2 => 'view',
  ),
)
[ info ] [ HEADER ] array (
  'host' => 'localhost',
  'connection' => 'keep-alive',
  'cache-control' => 'max-age=0',
  'accept' => 'text/html,application/xhtml+xml,application/xml;q=0.9,image/webp,*/*;q=0.8',
  'upgrade-insecure-requests' => '1',
  'user-agent' => 'Mozilla/5.0 (Windows NT 6.1; WOW64) AppleWebKit/537.36 (KHTML, like Gecko) Chrome/50.0.2661.102 Safari/537.36',
  'referer' => 'http://localhost/jyj/photo/xian.html',
  'accept-encoding' => 'gzip, deflate, sdch',
  'accept-language' => 'zh-CN,zh;q=0.8,zh-TW;q=0.6',
  'cookie' => 'UM_distinctid=15c5e8198e515e-026b93dc2344bd-414a0229-100200-15c5e8198e826d; jiathis_rdc=%7B%22http%3A//localhost/jyj/movie/content.html%3Fmid%3D9%22%3A%220%7C1496234752709%22%7D; CNZZDATA1261352376=177289733-1496234122-%7C1496241227',
)
[ info ] [ PARAM ] array (
)
[ info ] [ RUN ] app\index\controller\Photo->view[ D:\wamp\www\jyj\application\index\controller\Photo.php ]
[ info ] [ VIEW ] D:\wamp\www\jyj/application/index\view\photo\view.html [ array (
) ]
[ info ] [ LOG ] INIT File

---------------------------------------------------------------
[ 2017-06-02T06:45:38+08:00 ] ::1 ::1 GET /jyj/photo/view.html
[ log ] localhost/jyj/photo/view.html [运行时间：0.082005s][吞吐率：12.19req/s] [内存消耗：1,868.75kb] [文件加载：46]
[ info ] [ LANG ] D:\wamp\www\jyj\thinkphp\lang\zh-cn.php
[ info ] [ BIND ] 'index'
[ info ] [ ROUTE ] array (
  'type' => 'module',
  'module' => 
  array (
    0 => 'index',
    1 => 'photo',
    2 => 'view',
  ),
)
[ info ] [ HEADER ] array (
  'host' => 'localhost',
  'connection' => 'keep-alive',
  'cache-control' => 'max-age=0',
  'accept' => 'text/html,application/xhtml+xml,application/xml;q=0.9,image/webp,*/*;q=0.8',
  'upgrade-insecure-requests' => '1',
  'user-agent' => 'Mozilla/5.0 (Windows NT 6.1; WOW64) AppleWebKit/537.36 (KHTML, like Gecko) Chrome/50.0.2661.102 Safari/537.36',
  'referer' => 'http://localhost/jyj/photo/xian.html',
  'accept-encoding' => 'gzip, deflate, sdch',
  'accept-language' => 'zh-CN,zh;q=0.8,zh-TW;q=0.6',
  'cookie' => 'UM_distinctid=15c5e8198e515e-026b93dc2344bd-414a0229-100200-15c5e8198e826d; jiathis_rdc=%7B%22http%3A//localhost/jyj/movie/content.html%3Fmid%3D9%22%3A%220%7C1496234752709%22%7D; CNZZDATA1261352376=177289733-1496234122-%7C1496241227',
)
[ info ] [ PARAM ] array (
)
[ info ] [ RUN ] app\index\controller\Photo->view[ D:\wamp\www\jyj\application\index\controller\Photo.php ]
[ info ] [ VIEW ] D:\wamp\www\jyj/application/index\view\photo\view.html [ array (
) ]
[ info ] [ LOG ] INIT File

---------------------------------------------------------------
[ 2017-06-02T06:47:16+08:00 ] ::1 ::1 GET /jyj/photo/view.html
[ log ] localhost/jyj/photo/view.html [运行时间：0.098006s][吞吐率：10.20req/s] [内存消耗：2,117.94kb] [文件加载：49]
[ info ] [ LANG ] D:\wamp\www\jyj\thinkphp\lang\zh-cn.php
[ info ] [ BIND ] 'index'
[ info ] [ ROUTE ] array (
  'type' => 'module',
  'module' => 
  array (
    0 => 'index',
    1 => 'photo',
    2 => 'view',
  ),
)
[ info ] [ HEADER ] array (
  'host' => 'localhost',
  'connection' => 'keep-alive',
  'cache-control' => 'max-age=0',
  'accept' => 'text/html,application/xhtml+xml,application/xml;q=0.9,image/webp,*/*;q=0.8',
  'upgrade-insecure-requests' => '1',
  'user-agent' => 'Mozilla/5.0 (Windows NT 6.1; WOW64) AppleWebKit/537.36 (KHTML, like Gecko) Chrome/50.0.2661.102 Safari/537.36',
  'referer' => 'http://localhost/jyj/photo/xian.html',
  'accept-encoding' => 'gzip, deflate, sdch',
  'accept-language' => 'zh-CN,zh;q=0.8,zh-TW;q=0.6',
  'cookie' => 'UM_distinctid=15c5e8198e515e-026b93dc2344bd-414a0229-100200-15c5e8198e826d; jiathis_rdc=%7B%22http%3A//localhost/jyj/movie/content.html%3Fmid%3D9%22%3A%220%7C1496234752709%22%7D; CNZZDATA1261352376=177289733-1496234122-%7C1496241227',
)
[ info ] [ PARAM ] array (
)
[ info ] [ RUN ] app\index\controller\Photo->view[ D:\wamp\www\jyj\application\index\controller\Photo.php ]
[ info ] [ VIEW ] D:\wamp\www\jyj/application/index\view\photo\view.html [ array (
) ]
[ info ] [ LOG ] INIT File

---------------------------------------------------------------
