[ 2017-06-06T15:52:57+08:00 ] 127.0.0.1 127.0.0.1 GET /jyj/
[ log ] localhost/jyj/ [运行时间：0.044000s][吞吐率：22.73req/s] [内存消耗：3,019.17kb] [文件加载：47]
[ info ] [ LANG ] D:\wamp\www\jyj\thinkphp\lang\zh-cn.php
[ info ] [ BIND ] 'index'
[ info ] [ ROUTE ] array (
  'type' => 'module',
  'module' => 
  array (
    0 => 'index',
    1 => NULL,
    2 => NULL,
  ),
)
[ info ] [ HEADER ] array (
  'host' => 'localhost',
  'user-agent' => 'Mozilla/5.0 (Windows NT 6.1; WOW64; rv:53.0) Gecko/20100101 Firefox/53.0',
  'accept' => 'text/html,application/xhtml+xml,application/xml;q=0.9,*/*;q=0.8',
  'accept-language' => 'zh-CN,zh;q=0.8,en-US;q=0.5,en;q=0.3',
  'accept-encoding' => 'gzip, deflate',
  'cookie' => 'adminer_version=4.3.1; PHPSESSID=lhgse73t4kinkmonigrudhpiq3',
  'connection' => 'keep-alive',
  'upgrade-insecure-requests' => '1',
)
[ info ] [ PARAM ] array (
)
[ info ] [ RUN ] app\index\controller\Index->index[ D:\wamp\www\jyj\application\index\controller\Index.php ]
[ info ] [ VIEW ] D:\wamp\www\jyj/application/index\view\index\index.html [ array (
) ]
[ info ] [ LOG ] INIT File

---------------------------------------------------------------
[ 2017-06-06T15:53:18+08:00 ] ::1 ::1 GET /jyj/
[ log ] localhost/jyj/ [运行时间：0.033000s][吞吐率：30.30req/s] [内存消耗：3,019.34kb] [文件加载：47]
[ info ] [ LANG ] D:\wamp\www\jyj\thinkphp\lang\zh-cn.php
[ info ] [ BIND ] 'index'
[ info ] [ ROUTE ] array (
  'type' => 'module',
  'module' => 
  array (
    0 => 'index',
    1 => NULL,
    2 => NULL,
  ),
)
[ info ] [ HEADER ] array (
  'host' => 'localhost',
  'connection' => 'keep-alive',
  'accept' => 'text/html,application/xhtml+xml,application/xml;q=0.9,image/webp,*/*;q=0.8',
  'upgrade-insecure-requests' => '1',
  'user-agent' => 'Mozilla/5.0 (Windows NT 6.1; WOW64) AppleWebKit/537.36 (KHTML, like Gecko) Chrome/50.0.2661.102 Safari/537.36',
  'accept-encoding' => 'gzip, deflate, sdch',
  'accept-language' => 'zh-CN,zh;q=0.8',
  'cookie' => 'UM_distinctid=15bd65da5700-0dade21863ebfd-414a0229-1fa400-15bd65da572168; pgv_pvi=5376668672; vgz2Dm_admin_username=admin; CNZZDATA1261352376=542771470-1493950273-%7C1495701367',
)
[ info ] [ PARAM ] array (
)
[ info ] [ RUN ] app\index\controller\Index->index[ D:\wamp\www\jyj\application\index\controller\Index.php ]
[ info ] [ VIEW ] D:\wamp\www\jyj/application/index\view\index\index.html [ array (
) ]
[ info ] [ LOG ] INIT File

---------------------------------------------------------------
[ 2017-06-06T15:56:05+08:00 ] ::1 ::1 GET /jyj/index/card.html
[ log ] localhost/jyj/index/card.html [运行时间：0.050000s][吞吐率：20.00req/s] [内存消耗：3,019.72kb] [文件加载：47]
[ info ] [ LANG ] D:\wamp\www\jyj\thinkphp\lang\zh-cn.php
[ info ] [ BIND ] 'index'
[ info ] [ ROUTE ] array (
  'type' => 'module',
  'module' => 
  array (
    0 => 'index',
    1 => 'index',
    2 => 'card',
  ),
)
[ info ] [ HEADER ] array (
  'host' => 'localhost',
  'connection' => 'keep-alive',
  'accept' => 'text/html,application/xhtml+xml,application/xml;q=0.9,image/webp,*/*;q=0.8',
  'upgrade-insecure-requests' => '1',
  'user-agent' => 'Mozilla/5.0 (Windows NT 6.1; WOW64) AppleWebKit/537.36 (KHTML, like Gecko) Chrome/50.0.2661.102 Safari/537.36',
  'referer' => 'http://localhost/jyj/',
  'accept-encoding' => 'gzip, deflate, sdch',
  'accept-language' => 'zh-CN,zh;q=0.8',
  'cookie' => 'UM_distinctid=15bd65da5700-0dade21863ebfd-414a0229-1fa400-15bd65da572168; pgv_pvi=5376668672; vgz2Dm_admin_username=admin; CNZZDATA1261352376=542771470-1493950273-%7C1496735581',
)
[ info ] [ PARAM ] array (
)
[ info ] [ RUN ] app\index\controller\Index->card[ D:\wamp\www\jyj\application\index\controller\Index.php ]
[ info ] [ VIEW ] D:\wamp\www\jyj/application/index\view\index\card.html [ array (
) ]
[ info ] [ LOG ] INIT File

---------------------------------------------------------------
[ 2017-06-06T15:56:06+08:00 ] ::1 ::1 GET /jyj/movie/index.html
[ log ] localhost/jyj/movie/index.html [运行时间：0.087000s][吞吐率：11.49req/s] [内存消耗：4,511.06kb] [文件加载：54]
[ info ] [ LANG ] D:\wamp\www\jyj\thinkphp\lang\zh-cn.php
[ info ] [ BIND ] 'index'
[ info ] [ ROUTE ] array (
  'type' => 'module',
  'module' => 
  array (
    0 => 'index',
    1 => 'movie',
    2 => 'index',
  ),
)
[ info ] [ HEADER ] array (
  'host' => 'localhost',
  'connection' => 'keep-alive',
  'accept' => 'text/html,application/xhtml+xml,application/xml;q=0.9,image/webp,*/*;q=0.8',
  'upgrade-insecure-requests' => '1',
  'user-agent' => 'Mozilla/5.0 (Windows NT 6.1; WOW64) AppleWebKit/537.36 (KHTML, like Gecko) Chrome/50.0.2661.102 Safari/537.36',
  'referer' => 'http://localhost/jyj/index/card.html',
  'accept-encoding' => 'gzip, deflate, sdch',
  'accept-language' => 'zh-CN,zh;q=0.8',
  'cookie' => 'UM_distinctid=15bd65da5700-0dade21863ebfd-414a0229-1fa400-15bd65da572168; pgv_pvi=5376668672; vgz2Dm_admin_username=admin; CNZZDATA1261352376=542771470-1493950273-%7C1496735581',
)
[ info ] [ PARAM ] array (
)
[ info ] [ RUN ] app\index\controller\Movie->index[ D:\wamp\www\jyj\application\index\controller\Movie.php ]
[ info ] [ DB ] INIT mysql
[ info ] [ VIEW ] D:\wamp\www\jyj/application/index\view\movie\index.html [ array (
  0 => 'list',
) ]
[ info ] [ LOG ] INIT File
[ sql ] [ DB ] CONNECT:[ UseTime:0.011000s ] mysql:dbname=mycard;host=localhost;port=3306;charset=utf8
[ sql ] [ SQL ] SHOW COLUMNS FROM `tp_movie` [ RunTime:0.016000s ]
[ sql ] [ SQL ] SELECT * FROM `tp_movie` ORDER BY id desc [ RunTime:0.001000s ]

---------------------------------------------------------------
[ 2017-06-06T15:56:08+08:00 ] ::1 ::1 GET /jyj/photo/shan.html
[ log ] localhost/jyj/photo/shan.html [运行时间：0.105000s][吞吐率：9.52req/s] [内存消耗：4,577.31kb] [文件加载：56]
[ info ] [ LANG ] D:\wamp\www\jyj\thinkphp\lang\zh-cn.php
[ info ] [ BIND ] 'index'
[ info ] [ ROUTE ] array (
  'type' => 'module',
  'module' => 
  array (
    0 => 'index',
    1 => 'photo',
    2 => 'shan',
  ),
)
[ info ] [ HEADER ] array (
  'host' => 'localhost',
  'connection' => 'keep-alive',
  'accept' => 'text/html,application/xhtml+xml,application/xml;q=0.9,image/webp,*/*;q=0.8',
  'upgrade-insecure-requests' => '1',
  'user-agent' => 'Mozilla/5.0 (Windows NT 6.1; WOW64) AppleWebKit/537.36 (KHTML, like Gecko) Chrome/50.0.2661.102 Safari/537.36',
  'referer' => 'http://localhost/jyj/movie/index.html',
  'accept-encoding' => 'gzip, deflate, sdch',
  'accept-language' => 'zh-CN,zh;q=0.8',
  'cookie' => 'UM_distinctid=15bd65da5700-0dade21863ebfd-414a0229-1fa400-15bd65da572168; pgv_pvi=5376668672; vgz2Dm_admin_username=admin; CNZZDATA1261352376=542771470-1493950273-%7C1496735581',
)
[ info ] [ PARAM ] array (
)
[ info ] [ RUN ] app\index\controller\Photo->shan[ D:\wamp\www\jyj\application\index\controller\Photo.php ]
[ info ] [ DB ] INIT mysql
[ info ] [ VIEW ] D:\wamp\www\jyj/application/index\view\photo\shan.html [ array (
  0 => 'data',
) ]
[ info ] [ LOG ] INIT File
[ sql ] [ DB ] CONNECT:[ UseTime:0.011000s ] mysql:dbname=mycard;host=localhost;port=3306;charset=utf8
[ sql ] [ SQL ] SHOW COLUMNS FROM `tp_photo` [ RunTime:0.013000s ]
[ sql ] [ SQL ] SELECT `p`.`id`,`p`.`content`,`i`.`pic_url` FROM `tp_photo` `p` INNER JOIN `tp_images` `i` ON `p`.`id`=i.target_id and i.target = 0 WHERE  `p`.`type` = 0 [ RunTime:0.001000s ]

---------------------------------------------------------------
[ 2017-06-06T15:56:13+08:00 ] ::1 ::1 GET /jyj/photo/ren.html
[ log ] localhost/jyj/photo/ren.html [运行时间：0.109000s][吞吐率：9.17req/s] [内存消耗：4,325.87kb] [文件加载：54]
[ info ] [ LANG ] D:\wamp\www\jyj\thinkphp\lang\zh-cn.php
[ info ] [ BIND ] 'index'
[ info ] [ ROUTE ] array (
  'type' => 'module',
  'module' => 
  array (
    0 => 'index',
    1 => 'photo',
    2 => 'ren',
  ),
)
[ info ] [ HEADER ] array (
  'host' => 'localhost',
  'connection' => 'keep-alive',
  'accept' => 'text/html,application/xhtml+xml,application/xml;q=0.9,image/webp,*/*;q=0.8',
  'upgrade-insecure-requests' => '1',
  'user-agent' => 'Mozilla/5.0 (Windows NT 6.1; WOW64) AppleWebKit/537.36 (KHTML, like Gecko) Chrome/50.0.2661.102 Safari/537.36',
  'referer' => 'http://localhost/jyj/photo/shan.html',
  'accept-encoding' => 'gzip, deflate, sdch',
  'accept-language' => 'zh-CN,zh;q=0.8',
  'cookie' => 'UM_distinctid=15bd65da5700-0dade21863ebfd-414a0229-1fa400-15bd65da572168; pgv_pvi=5376668672; vgz2Dm_admin_username=admin; CNZZDATA1261352376=542771470-1493950273-%7C1496735581',
)
[ info ] [ PARAM ] array (
)
[ info ] [ RUN ] app\index\controller\Photo->ren[ D:\wamp\www\jyj\application\index\controller\Photo.php ]
[ info ] [ DB ] INIT mysql
[ info ] [ VIEW ] D:\wamp\www\jyj/application/index\view\photo\ren.html [ array (
  0 => 'con',
  1 => 'img',
) ]
[ info ] [ LOG ] INIT File
[ sql ] [ DB ] CONNECT:[ UseTime:0.001000s ] mysql:dbname=mycard;host=localhost;port=3306;charset=utf8
[ sql ] [ SQL ] SHOW COLUMNS FROM `tp_photo` [ RunTime:0.015000s ]
[ sql ] [ SQL ] SELECT * FROM `tp_photo` WHERE  `type` = 1 LIMIT 1 [ RunTime:0.000000s ]
[ sql ] [ SQL ] SHOW COLUMNS FROM `tp_images` [ RunTime:0.016000s ]
[ sql ] [ SQL ] SELECT * FROM `tp_images` WHERE  `target_id` = 4  AND `target` = 0 [ RunTime:0.001000s ]

---------------------------------------------------------------
[ 2017-06-06T15:56:18+08:00 ] ::1 ::1 GET /jyj/photo/xian.html
[ log ] localhost/jyj/photo/xian.html [运行时间：0.122000s][吞吐率：8.20req/s] [内存消耗：4,319.11kb] [文件加载：54]
[ info ] [ LANG ] D:\wamp\www\jyj\thinkphp\lang\zh-cn.php
[ info ] [ BIND ] 'index'
[ info ] [ ROUTE ] array (
  'type' => 'module',
  'module' => 
  array (
    0 => 'index',
    1 => 'photo',
    2 => 'xian',
  ),
)
[ info ] [ HEADER ] array (
  'host' => 'localhost',
  'connection' => 'keep-alive',
  'accept' => 'text/html,application/xhtml+xml,application/xml;q=0.9,image/webp,*/*;q=0.8',
  'upgrade-insecure-requests' => '1',
  'user-agent' => 'Mozilla/5.0 (Windows NT 6.1; WOW64) AppleWebKit/537.36 (KHTML, like Gecko) Chrome/50.0.2661.102 Safari/537.36',
  'referer' => 'http://localhost/jyj/photo/ren.html',
  'accept-encoding' => 'gzip, deflate, sdch',
  'accept-language' => 'zh-CN,zh;q=0.8',
  'cookie' => 'UM_distinctid=15bd65da5700-0dade21863ebfd-414a0229-1fa400-15bd65da572168; pgv_pvi=5376668672; vgz2Dm_admin_username=admin; CNZZDATA1261352376=542771470-1493950273-%7C1496735581',
)
[ info ] [ PARAM ] array (
)
[ info ] [ RUN ] app\index\controller\Photo->xian[ D:\wamp\www\jyj\application\index\controller\Photo.php ]
[ info ] [ DB ] INIT mysql
[ info ] [ VIEW ] D:\wamp\www\jyj/application/index\view\photo\xian.html [ array (
  0 => 'con',
  1 => 'img',
) ]
[ info ] [ LOG ] INIT File
[ sql ] [ DB ] CONNECT:[ UseTime:0.011000s ] mysql:dbname=mycard;host=localhost;port=3306;charset=utf8
[ sql ] [ SQL ] SHOW COLUMNS FROM `tp_photo` [ RunTime:0.016000s ]
[ sql ] [ SQL ] SELECT * FROM `tp_photo` WHERE  `type` = 2 LIMIT 1 [ RunTime:0.001000s ]
[ sql ] [ SQL ] SHOW COLUMNS FROM `tp_images` [ RunTime:0.015000s ]
[ sql ] [ SQL ] SELECT * FROM `tp_images` WHERE  `target_id` = 5  AND `target` = 0 [ RunTime:0.001000s ]

---------------------------------------------------------------
[ 2017-06-06T15:56:20+08:00 ] ::1 ::1 GET /jyj/photo/view.html
[ log ] localhost/jyj/photo/view.html [运行时间：0.056000s][吞吐率：17.86req/s] [内存消耗：3,033.06kb] [文件加载：47]
[ info ] [ LANG ] D:\wamp\www\jyj\thinkphp\lang\zh-cn.php
[ info ] [ BIND ] 'index'
[ info ] [ ROUTE ] array (
  'type' => 'module',
  'module' => 
  array (
    0 => 'index',
    1 => 'photo',
    2 => 'view',
  ),
)
[ info ] [ HEADER ] array (
  'host' => 'localhost',
  'connection' => 'keep-alive',
  'accept' => 'text/html,application/xhtml+xml,application/xml;q=0.9,image/webp,*/*;q=0.8',
  'upgrade-insecure-requests' => '1',
  'user-agent' => 'Mozilla/5.0 (Windows NT 6.1; WOW64) AppleWebKit/537.36 (KHTML, like Gecko) Chrome/50.0.2661.102 Safari/537.36',
  'referer' => 'http://localhost/jyj/photo/xian.html',
  'accept-encoding' => 'gzip, deflate, sdch',
  'accept-language' => 'zh-CN,zh;q=0.8',
  'cookie' => 'UM_distinctid=15bd65da5700-0dade21863ebfd-414a0229-1fa400-15bd65da572168; pgv_pvi=5376668672; vgz2Dm_admin_username=admin; CNZZDATA1261352376=542771470-1493950273-%7C1496735581',
)
[ info ] [ PARAM ] array (
)
[ info ] [ RUN ] app\index\controller\Photo->view[ D:\wamp\www\jyj\application\index\controller\Photo.php ]
[ info ] [ VIEW ] D:\wamp\www\jyj/application/index\view\photo\view.html [ array (
) ]
[ info ] [ LOG ] INIT File

---------------------------------------------------------------
[ 2017-06-06T15:56:22+08:00 ] ::1 ::1 GET /jyj/index/index.html
[ log ] localhost/jyj/index/index.html [运行时间：0.049000s][吞吐率：20.41req/s] [内存消耗：3,019.68kb] [文件加载：47]
[ info ] [ LANG ] D:\wamp\www\jyj\thinkphp\lang\zh-cn.php
[ info ] [ BIND ] 'index'
[ info ] [ ROUTE ] array (
  'type' => 'module',
  'module' => 
  array (
    0 => 'index',
    1 => 'index',
    2 => 'index',
  ),
)
[ info ] [ HEADER ] array (
  'host' => 'localhost',
  'connection' => 'keep-alive',
  'accept' => 'text/html,application/xhtml+xml,application/xml;q=0.9,image/webp,*/*;q=0.8',
  'upgrade-insecure-requests' => '1',
  'user-agent' => 'Mozilla/5.0 (Windows NT 6.1; WOW64) AppleWebKit/537.36 (KHTML, like Gecko) Chrome/50.0.2661.102 Safari/537.36',
  'referer' => 'http://localhost/jyj/photo/view.html',
  'accept-encoding' => 'gzip, deflate, sdch',
  'accept-language' => 'zh-CN,zh;q=0.8',
  'cookie' => 'UM_distinctid=15bd65da5700-0dade21863ebfd-414a0229-1fa400-15bd65da572168; pgv_pvi=5376668672; vgz2Dm_admin_username=admin; CNZZDATA1261352376=542771470-1493950273-%7C1496735581',
)
[ info ] [ PARAM ] array (
)
[ info ] [ RUN ] app\index\controller\Index->index[ D:\wamp\www\jyj\application\index\controller\Index.php ]
[ info ] [ VIEW ] D:\wamp\www\jyj/application/index\view\index\index.html [ array (
) ]
[ info ] [ LOG ] INIT File

---------------------------------------------------------------
[ 2017-06-06T16:24:20+08:00 ] ::1 ::1 GET /jyj/index/index.html
[ log ] localhost/jyj/index/index.html [运行时间：0.050000s][吞吐率：20.00req/s] [内存消耗：3,020.27kb] [文件加载：47]
[ info ] [ LANG ] D:\wamp\www\jyj\thinkphp\lang\zh-cn.php
[ info ] [ BIND ] 'index'
[ info ] [ ROUTE ] array (
  'type' => 'module',
  'module' => 
  array (
    0 => 'index',
    1 => 'index',
    2 => 'index',
  ),
)
[ info ] [ HEADER ] array (
  'host' => 'localhost',
  'connection' => 'keep-alive',
  'cache-control' => 'max-age=0',
  'accept' => 'text/html,application/xhtml+xml,application/xml;q=0.9,image/webp,*/*;q=0.8',
  'upgrade-insecure-requests' => '1',
  'user-agent' => 'Mozilla/5.0 (Windows NT 6.1; WOW64) AppleWebKit/537.36 (KHTML, like Gecko) Chrome/50.0.2661.102 Safari/537.36',
  'referer' => 'http://localhost/jyj/photo/view.html',
  'accept-encoding' => 'gzip, deflate, sdch',
  'accept-language' => 'zh-CN,zh;q=0.8',
  'cookie' => 'UM_distinctid=15bd65da5700-0dade21863ebfd-414a0229-1fa400-15bd65da572168; pgv_pvi=5376668672; vgz2Dm_admin_username=admin; CNZZDATA1261352376=542771470-1493950273-%7C1496735581',
)
[ info ] [ PARAM ] array (
)
[ info ] [ RUN ] app\index\controller\Index->index[ D:\wamp\www\jyj\application\index\controller\Index.php ]
[ info ] [ VIEW ] D:\wamp\www\jyj/application/index\view\index\index.html [ array (
) ]
[ info ] [ LOG ] INIT File

---------------------------------------------------------------
[ 2017-06-06T16:24:23+08:00 ] ::1 ::1 GET /jyj/photo/shan.html
[ log ] localhost/jyj/photo/shan.html [运行时间：0.093000s][吞吐率：10.75req/s] [内存消耗：4,316.61kb] [文件加载：54]
[ info ] [ LANG ] D:\wamp\www\jyj\thinkphp\lang\zh-cn.php
[ info ] [ BIND ] 'index'
[ info ] [ ROUTE ] array (
  'type' => 'module',
  'module' => 
  array (
    0 => 'index',
    1 => 'photo',
    2 => 'shan',
  ),
)
[ info ] [ HEADER ] array (
  'host' => 'localhost',
  'connection' => 'keep-alive',
  'accept' => 'text/html,application/xhtml+xml,application/xml;q=0.9,image/webp,*/*;q=0.8',
  'upgrade-insecure-requests' => '1',
  'user-agent' => 'Mozilla/5.0 (Windows NT 6.1; WOW64) AppleWebKit/537.36 (KHTML, like Gecko) Chrome/50.0.2661.102 Safari/537.36',
  'referer' => 'http://localhost/jyj/index/index.html',
  'accept-encoding' => 'gzip, deflate, sdch',
  'accept-language' => 'zh-CN,zh;q=0.8',
  'cookie' => 'UM_distinctid=15bd65da5700-0dade21863ebfd-414a0229-1fa400-15bd65da572168; pgv_pvi=5376668672; vgz2Dm_admin_username=admin; CNZZDATA1261352376=542771470-1493950273-%7C1496735581',
)
[ info ] [ PARAM ] array (
)
[ info ] [ RUN ] app\index\controller\Photo->shan[ D:\wamp\www\jyj\application\index\controller\Photo.php ]
[ info ] [ DB ] INIT mysql
[ info ] [ VIEW ] D:\wamp\www\jyj/application/index\view\photo\shan.html [ array (
  0 => 'data',
) ]
[ info ] [ LOG ] INIT File
[ sql ] [ DB ] CONNECT:[ UseTime:0.013000s ] mysql:dbname=mycard;host=localhost;port=3306;charset=utf8
[ sql ] [ SQL ] SHOW COLUMNS FROM `tp_photo` [ RunTime:0.007000s ]
[ sql ] [ SQL ] SELECT `p`.`id`,`p`.`content`,`i`.`pic_url` FROM `tp_photo` `p` INNER JOIN `tp_images` `i` ON `p`.`id`=i.target_id and i.target = 0 WHERE  `p`.`type` = 0 [ RunTime:0.001000s ]

---------------------------------------------------------------
[ 2017-06-06T16:24:24+08:00 ] ::1 ::1 GET /jyj/photo/view.html
[ log ] localhost/jyj/photo/view.html [运行时间：0.088000s][吞吐率：11.36req/s] [内存消耗：4,199.67kb] [文件加载：52]
[ info ] [ LANG ] D:\wamp\www\jyj\thinkphp\lang\zh-cn.php
[ info ] [ BIND ] 'index'
[ info ] [ ROUTE ] array (
  'type' => 'module',
  'module' => 
  array (
    0 => 'index',
    1 => 'photo',
    2 => 'view',
  ),
)
[ info ] [ HEADER ] array (
  'host' => 'localhost',
  'connection' => 'keep-alive',
  'accept' => 'text/html,application/xhtml+xml,application/xml;q=0.9,image/webp,*/*;q=0.8',
  'upgrade-insecure-requests' => '1',
  'user-agent' => 'Mozilla/5.0 (Windows NT 6.1; WOW64) AppleWebKit/537.36 (KHTML, like Gecko) Chrome/50.0.2661.102 Safari/537.36',
  'referer' => 'http://localhost/jyj/photo/shan.html',
  'accept-encoding' => 'gzip, deflate, sdch',
  'accept-language' => 'zh-CN,zh;q=0.8',
  'cookie' => 'UM_distinctid=15bd65da5700-0dade21863ebfd-414a0229-1fa400-15bd65da572168; pgv_pvi=5376668672; vgz2Dm_admin_username=admin; CNZZDATA1261352376=542771470-1493950273-%7C1496735581',
)
[ info ] [ PARAM ] array (
)
[ info ] [ RUN ] app\index\controller\Photo->view[ D:\wamp\www\jyj\application\index\controller\Photo.php ]
[ info ] [ DB ] INIT mysql
[ info ] [ LOG ] INIT File
[ sql ] [ DB ] CONNECT:[ UseTime:0.011000s ] mysql:dbname=mycard;host=localhost;port=3306;charset=utf8
[ sql ] [ SQL ] SHOW COLUMNS FROM `tp_images` [ RunTime:0.008000s ]
[ sql ] [ SQL ] SELECT * FROM `tp_images` WHERE  `target_id` = 0  AND `target` = 2 [ RunTime:0.000000s ]
[ sql ] [ SQL ] SELECT * FROM `tp_images` WHERE  `target_id` > 0  AND `target` = 2 [ RunTime:0.000000s ]

---------------------------------------------------------------
[ 2017-06-06T16:25:11+08:00 ] ::1 ::1 GET /jyj/photo/view.html
[ log ] localhost/jyj/photo/view.html [运行时间：0.066000s][吞吐率：15.15req/s] [内存消耗：4,200.12kb] [文件加载：52]
[ info ] [ LANG ] D:\wamp\www\jyj\thinkphp\lang\zh-cn.php
[ info ] [ BIND ] 'index'
[ info ] [ ROUTE ] array (
  'type' => 'module',
  'module' => 
  array (
    0 => 'index',
    1 => 'photo',
    2 => 'view',
  ),
)
[ info ] [ HEADER ] array (
  'host' => 'localhost',
  'connection' => 'keep-alive',
  'cache-control' => 'max-age=0',
  'accept' => 'text/html,application/xhtml+xml,application/xml;q=0.9,image/webp,*/*;q=0.8',
  'upgrade-insecure-requests' => '1',
  'user-agent' => 'Mozilla/5.0 (Windows NT 6.1; WOW64) AppleWebKit/537.36 (KHTML, like Gecko) Chrome/50.0.2661.102 Safari/537.36',
  'referer' => 'http://localhost/jyj/photo/shan.html',
  'accept-encoding' => 'gzip, deflate, sdch',
  'accept-language' => 'zh-CN,zh;q=0.8',
  'cookie' => 'UM_distinctid=15bd65da5700-0dade21863ebfd-414a0229-1fa400-15bd65da572168; pgv_pvi=5376668672; vgz2Dm_admin_username=admin; CNZZDATA1261352376=542771470-1493950273-%7C1496735581',
)
[ info ] [ PARAM ] array (
)
[ info ] [ RUN ] app\index\controller\Photo->view[ D:\wamp\www\jyj\application\index\controller\Photo.php ]
[ info ] [ DB ] INIT mysql
[ info ] [ LOG ] INIT File
[ sql ] [ DB ] CONNECT:[ UseTime:0.002000s ] mysql:dbname=mycard;host=localhost;port=3306;charset=utf8
[ sql ] [ SQL ] SHOW COLUMNS FROM `tp_images` [ RunTime:0.008000s ]
[ sql ] [ SQL ] SELECT * FROM `tp_images` WHERE  `target_id` = 0  AND `target` = 1 [ RunTime:0.000000s ]
[ sql ] [ SQL ] SELECT * FROM `tp_images` WHERE  `target_id` > 0  AND `target` = 2 [ RunTime:0.001000s ]

---------------------------------------------------------------
[ 2017-06-06T16:29:13+08:00 ] ::1 ::1 GET /jyj/photo/view.html
[ log ] localhost/jyj/photo/view.html [运行时间：0.069000s][吞吐率：14.49req/s] [内存消耗：4,600.63kb] [文件加载：56]
[ info ] [ LANG ] D:\wamp\www\jyj\thinkphp\lang\zh-cn.php
[ info ] [ BIND ] 'index'
[ info ] [ ROUTE ] array (
  'type' => 'module',
  'module' => 
  array (
    0 => 'index',
    1 => 'photo',
    2 => 'view',
  ),
)
[ info ] [ HEADER ] array (
  'host' => 'localhost',
  'connection' => 'keep-alive',
  'cache-control' => 'max-age=0',
  'accept' => 'text/html,application/xhtml+xml,application/xml;q=0.9,image/webp,*/*;q=0.8',
  'upgrade-insecure-requests' => '1',
  'user-agent' => 'Mozilla/5.0 (Windows NT 6.1; WOW64) AppleWebKit/537.36 (KHTML, like Gecko) Chrome/50.0.2661.102 Safari/537.36',
  'referer' => 'http://localhost/jyj/photo/shan.html',
  'accept-encoding' => 'gzip, deflate, sdch',
  'accept-language' => 'zh-CN,zh;q=0.8',
  'cookie' => 'UM_distinctid=15bd65da5700-0dade21863ebfd-414a0229-1fa400-15bd65da572168; pgv_pvi=5376668672; vgz2Dm_admin_username=admin; CNZZDATA1261352376=542771470-1493950273-%7C1496735581',
)
[ info ] [ PARAM ] array (
)
[ info ] [ RUN ] app\index\controller\Photo->view[ D:\wamp\www\jyj\application\index\controller\Photo.php ]
[ info ] [ DB ] INIT mysql
[ info ] [ VIEW ] D:\wamp\www\jyj/application/index\view\photo\view.html [ array (
  0 => 'small',
  1 => 'big',
) ]
[ info ] [ LOG ] INIT File
[ sql ] [ DB ] CONNECT:[ UseTime:0.002000s ] mysql:dbname=mycard;host=localhost;port=3306;charset=utf8
[ sql ] [ SQL ] SHOW COLUMNS FROM `tp_images` [ RunTime:0.005000s ]
[ sql ] [ SQL ] SELECT * FROM `tp_images` WHERE  `target_id` = 0  AND `target` = 1 [ RunTime:0.000000s ]
[ sql ] [ SQL ] SELECT * FROM `tp_images` WHERE  `target_id` > 0  AND `target` = 2 [ RunTime:0.001000s ]

---------------------------------------------------------------
[ 2017-06-06T16:33:12+08:00 ] ::1 ::1 GET /jyj/photo/view.html
[ log ] localhost/jyj/photo/view.html [运行时间：0.102000s][吞吐率：9.80req/s] [内存消耗：4,598.88kb] [文件加载：56]
[ info ] [ LANG ] D:\wamp\www\jyj\thinkphp\lang\zh-cn.php
[ info ] [ BIND ] 'index'
[ info ] [ ROUTE ] array (
  'type' => 'module',
  'module' => 
  array (
    0 => 'index',
    1 => 'photo',
    2 => 'view',
  ),
)
[ info ] [ HEADER ] array (
  'host' => 'localhost',
  'connection' => 'keep-alive',
  'cache-control' => 'max-age=0',
  'accept' => 'text/html,application/xhtml+xml,application/xml;q=0.9,image/webp,*/*;q=0.8',
  'upgrade-insecure-requests' => '1',
  'user-agent' => 'Mozilla/5.0 (Windows NT 6.1; WOW64) AppleWebKit/537.36 (KHTML, like Gecko) Chrome/50.0.2661.102 Safari/537.36',
  'referer' => 'http://localhost/jyj/photo/shan.html',
  'accept-encoding' => 'gzip, deflate, sdch',
  'accept-language' => 'zh-CN,zh;q=0.8',
  'cookie' => 'UM_distinctid=15bd65da5700-0dade21863ebfd-414a0229-1fa400-15bd65da572168; pgv_pvi=5376668672; vgz2Dm_admin_username=admin; CNZZDATA1261352376=542771470-1493950273-%7C1496735581',
)
[ info ] [ PARAM ] array (
)
[ info ] [ RUN ] app\index\controller\Photo->view[ D:\wamp\www\jyj\application\index\controller\Photo.php ]
[ info ] [ DB ] INIT mysql
[ info ] [ VIEW ] D:\wamp\www\jyj/application/index\view\photo\view.html [ array (
  0 => 'small',
  1 => 'big',
) ]
[ info ] [ LOG ] INIT File
[ sql ] [ DB ] CONNECT:[ UseTime:0.011000s ] mysql:dbname=mycard;host=localhost;port=3306;charset=utf8
[ sql ] [ SQL ] SHOW COLUMNS FROM `tp_images` [ RunTime:0.010000s ]
[ sql ] [ SQL ] SELECT * FROM `tp_images` WHERE  `target_id` = 0  AND `target` = 1 [ RunTime:0.001000s ]
[ sql ] [ SQL ] SELECT * FROM `tp_images` WHERE  `target_id` > 0  AND `target` = 2 [ RunTime:0.001000s ]

---------------------------------------------------------------
[ 2017-06-06T16:36:21+08:00 ] ::1 ::1 GET /jyj/photo/view.html
[ log ] localhost/jyj/photo/view.html [运行时间：0.092000s][吞吐率：10.87req/s] [内存消耗：4,331.04kb] [文件加载：54]
[ info ] [ LANG ] D:\wamp\www\jyj\thinkphp\lang\zh-cn.php
[ info ] [ BIND ] 'index'
[ info ] [ ROUTE ] array (
  'type' => 'module',
  'module' => 
  array (
    0 => 'index',
    1 => 'photo',
    2 => 'view',
  ),
)
[ info ] [ HEADER ] array (
  'host' => 'localhost',
  'connection' => 'keep-alive',
  'cache-control' => 'max-age=0',
  'accept' => 'text/html,application/xhtml+xml,application/xml;q=0.9,image/webp,*/*;q=0.8',
  'upgrade-insecure-requests' => '1',
  'user-agent' => 'Mozilla/5.0 (Windows NT 6.1; WOW64) AppleWebKit/537.36 (KHTML, like Gecko) Chrome/50.0.2661.102 Safari/537.36',
  'referer' => 'http://localhost/jyj/photo/shan.html',
  'accept-encoding' => 'gzip, deflate, sdch',
  'accept-language' => 'zh-CN,zh;q=0.8',
  'cookie' => 'UM_distinctid=15bd65da5700-0dade21863ebfd-414a0229-1fa400-15bd65da572168; pgv_pvi=5376668672; vgz2Dm_admin_username=admin; CNZZDATA1261352376=542771470-1493950273-%7C1496735581',
)
[ info ] [ PARAM ] array (
)
[ info ] [ RUN ] app\index\controller\Photo->view[ D:\wamp\www\jyj\application\index\controller\Photo.php ]
[ info ] [ DB ] INIT mysql
[ info ] [ VIEW ] D:\wamp\www\jyj/application/index\view\photo\view.html [ array (
  0 => 'small',
  1 => 'big',
) ]
[ info ] [ LOG ] INIT File
[ sql ] [ DB ] CONNECT:[ UseTime:0.011000s ] mysql:dbname=mycard;host=localhost;port=3306;charset=utf8
[ sql ] [ SQL ] SHOW COLUMNS FROM `tp_images` [ RunTime:0.008000s ]
[ sql ] [ SQL ] SELECT * FROM `tp_images` WHERE  `target_id` = 0  AND `target` = 1 [ RunTime:0.001000s ]
[ sql ] [ SQL ] SELECT * FROM `tp_images` WHERE  `target_id` > 0  AND `target` = 2 [ RunTime:0.000000s ]

---------------------------------------------------------------
[ 2017-06-06T16:36:40+08:00 ] ::1 ::1 GET /jyj/photo/view.html
[ log ] localhost/jyj/photo/view.html [运行时间：0.068000s][吞吐率：14.71req/s] [内存消耗：4,331.04kb] [文件加载：54]
[ info ] [ LANG ] D:\wamp\www\jyj\thinkphp\lang\zh-cn.php
[ info ] [ BIND ] 'index'
[ info ] [ ROUTE ] array (
  'type' => 'module',
  'module' => 
  array (
    0 => 'index',
    1 => 'photo',
    2 => 'view',
  ),
)
[ info ] [ HEADER ] array (
  'host' => 'localhost',
  'connection' => 'keep-alive',
  'cache-control' => 'max-age=0',
  'accept' => 'text/html,application/xhtml+xml,application/xml;q=0.9,image/webp,*/*;q=0.8',
  'upgrade-insecure-requests' => '1',
  'user-agent' => 'Mozilla/5.0 (Windows NT 6.1; WOW64) AppleWebKit/537.36 (KHTML, like Gecko) Chrome/50.0.2661.102 Safari/537.36',
  'referer' => 'http://localhost/jyj/photo/shan.html',
  'accept-encoding' => 'gzip, deflate, sdch',
  'accept-language' => 'zh-CN,zh;q=0.8',
  'cookie' => 'UM_distinctid=15bd65da5700-0dade21863ebfd-414a0229-1fa400-15bd65da572168; pgv_pvi=5376668672; vgz2Dm_admin_username=admin; CNZZDATA1261352376=542771470-1493950273-%7C1496735581',
)
[ info ] [ PARAM ] array (
)
[ info ] [ RUN ] app\index\controller\Photo->view[ D:\wamp\www\jyj\application\index\controller\Photo.php ]
[ info ] [ DB ] INIT mysql
[ info ] [ VIEW ] D:\wamp\www\jyj/application/index\view\photo\view.html [ array (
  0 => 'small',
  1 => 'big',
) ]
[ info ] [ LOG ] INIT File
[ sql ] [ DB ] CONNECT:[ UseTime:0.001000s ] mysql:dbname=mycard;host=localhost;port=3306;charset=utf8
[ sql ] [ SQL ] SHOW COLUMNS FROM `tp_images` [ RunTime:0.007000s ]
[ sql ] [ SQL ] SELECT * FROM `tp_images` WHERE  `target_id` = 0  AND `target` = 1 [ RunTime:0.001000s ]
[ sql ] [ SQL ] SELECT * FROM `tp_images` WHERE  `target_id` > 0  AND `target` = 2 [ RunTime:0.001000s ]

---------------------------------------------------------------
[ 2017-06-06T16:37:01+08:00 ] ::1 ::1 GET /jyj/photo/view.html
[ log ] localhost/jyj/photo/view.html [运行时间：0.083000s][吞吐率：12.05req/s] [内存消耗：4,331.04kb] [文件加载：54]
[ info ] [ LANG ] D:\wamp\www\jyj\thinkphp\lang\zh-cn.php
[ info ] [ BIND ] 'index'
[ info ] [ ROUTE ] array (
  'type' => 'module',
  'module' => 
  array (
    0 => 'index',
    1 => 'photo',
    2 => 'view',
  ),
)
[ info ] [ HEADER ] array (
  'host' => 'localhost',
  'connection' => 'keep-alive',
  'cache-control' => 'max-age=0',
  'accept' => 'text/html,application/xhtml+xml,application/xml;q=0.9,image/webp,*/*;q=0.8',
  'upgrade-insecure-requests' => '1',
  'user-agent' => 'Mozilla/5.0 (Windows NT 6.1; WOW64) AppleWebKit/537.36 (KHTML, like Gecko) Chrome/50.0.2661.102 Safari/537.36',
  'referer' => 'http://localhost/jyj/photo/shan.html',
  'accept-encoding' => 'gzip, deflate, sdch',
  'accept-language' => 'zh-CN,zh;q=0.8',
  'cookie' => 'UM_distinctid=15bd65da5700-0dade21863ebfd-414a0229-1fa400-15bd65da572168; pgv_pvi=5376668672; vgz2Dm_admin_username=admin; CNZZDATA1261352376=542771470-1493950273-%7C1496735581',
)
[ info ] [ PARAM ] array (
)
[ info ] [ RUN ] app\index\controller\Photo->view[ D:\wamp\www\jyj\application\index\controller\Photo.php ]
[ info ] [ DB ] INIT mysql
[ info ] [ VIEW ] D:\wamp\www\jyj/application/index\view\photo\view.html [ array (
  0 => 'small',
  1 => 'big',
) ]
[ info ] [ LOG ] INIT File
[ sql ] [ DB ] CONNECT:[ UseTime:0.001000s ] mysql:dbname=mycard;host=localhost;port=3306;charset=utf8
[ sql ] [ SQL ] SHOW COLUMNS FROM `tp_images` [ RunTime:0.007000s ]
[ sql ] [ SQL ] SELECT * FROM `tp_images` WHERE  `target_id` = 0  AND `target` = 1 [ RunTime:0.000000s ]
[ sql ] [ SQL ] SELECT * FROM `tp_images` WHERE  `target_id` > 0  AND `target` = 2 [ RunTime:0.001000s ]

---------------------------------------------------------------
[ 2017-06-06T16:37:13+08:00 ] ::1 ::1 GET /jyj/photo/view.html
[ log ] localhost/jyj/photo/view.html [运行时间：0.086000s][吞吐率：11.63req/s] [内存消耗：4,331.04kb] [文件加载：54]
[ info ] [ LANG ] D:\wamp\www\jyj\thinkphp\lang\zh-cn.php
[ info ] [ BIND ] 'index'
[ info ] [ ROUTE ] array (
  'type' => 'module',
  'module' => 
  array (
    0 => 'index',
    1 => 'photo',
    2 => 'view',
  ),
)
[ info ] [ HEADER ] array (
  'host' => 'localhost',
  'connection' => 'keep-alive',
  'cache-control' => 'max-age=0',
  'accept' => 'text/html,application/xhtml+xml,application/xml;q=0.9,image/webp,*/*;q=0.8',
  'upgrade-insecure-requests' => '1',
  'user-agent' => 'Mozilla/5.0 (Windows NT 6.1; WOW64) AppleWebKit/537.36 (KHTML, like Gecko) Chrome/50.0.2661.102 Safari/537.36',
  'referer' => 'http://localhost/jyj/photo/shan.html',
  'accept-encoding' => 'gzip, deflate, sdch',
  'accept-language' => 'zh-CN,zh;q=0.8',
  'cookie' => 'UM_distinctid=15bd65da5700-0dade21863ebfd-414a0229-1fa400-15bd65da572168; pgv_pvi=5376668672; vgz2Dm_admin_username=admin; CNZZDATA1261352376=542771470-1493950273-%7C1496735581',
)
[ info ] [ PARAM ] array (
)
[ info ] [ RUN ] app\index\controller\Photo->view[ D:\wamp\www\jyj\application\index\controller\Photo.php ]
[ info ] [ DB ] INIT mysql
[ info ] [ VIEW ] D:\wamp\www\jyj/application/index\view\photo\view.html [ array (
  0 => 'small',
  1 => 'big',
) ]
[ info ] [ LOG ] INIT File
[ sql ] [ DB ] CONNECT:[ UseTime:0.001000s ] mysql:dbname=mycard;host=localhost;port=3306;charset=utf8
[ sql ] [ SQL ] SHOW COLUMNS FROM `tp_images` [ RunTime:0.008000s ]
[ sql ] [ SQL ] SELECT * FROM `tp_images` WHERE  `target_id` = 0  AND `target` = 1 [ RunTime:0.001000s ]
[ sql ] [ SQL ] SELECT * FROM `tp_images` WHERE  `target_id` > 0  AND `target` = 2 [ RunTime:0.001000s ]

---------------------------------------------------------------
