[ 2017-06-18T22:30:30+08:00 ] [ sql ] [ DB ] CONNECT:[ UseTime:0.000241s ] mysql:dbname=mycard;host=localhost;port=3306;charset=utf8
[ sql ] [ SQL ] SHOW COLUMNS FROM `tp_photo` [ RunTime:0.000651s ]
[ sql ] [ SQL ] SELECT `p`.`id`,`p`.`content`,`i`.`pic_url` FROM `tp_photo` `p` INNER JOIN `tp_images` `i` ON `p`.`id`=i.target_id and i.target = 0 WHERE  `p`.`type` = 0 [ RunTime:0.000162s ]

---------------------------------------------------------------
[ 2017-06-18T22:30:37+08:00 ] [ sql ] [ DB ] CONNECT:[ UseTime:0.000221s ] mysql:dbname=mycard;host=localhost;port=3306;charset=utf8
[ sql ] [ SQL ] SHOW COLUMNS FROM `tp_movie` [ RunTime:0.000675s ]
[ sql ] [ SQL ] SELECT * FROM `tp_movie` ORDER BY id desc [ RunTime:0.000200s ]

---------------------------------------------------------------
[ 2017-06-18T22:30:39+08:00 ] [ sql ] [ DB ] CONNECT:[ UseTime:0.000233s ] mysql:dbname=mycard;host=localhost;port=3306;charset=utf8
[ sql ] [ SQL ] SHOW COLUMNS FROM `tp_movie` [ RunTime:0.002519s ]
[ sql ] [ SQL ] SELECT * FROM `tp_movie` WHERE  `id` = 9 LIMIT 1 [ RunTime:0.000315s ]

---------------------------------------------------------------
[ 2017-06-18T22:35:37+08:00 ] [ sql ] [ DB ] CONNECT:[ UseTime:0.000262s ] mysql:dbname=mycard;host=localhost;port=3306;charset=utf8
[ sql ] [ SQL ] SHOW COLUMNS FROM `tp_photo` [ RunTime:0.000622s ]
[ sql ] [ SQL ] SELECT `p`.`id`,`p`.`content`,`i`.`pic_url` FROM `tp_photo` `p` INNER JOIN `tp_images` `i` ON `p`.`id`=i.target_id and i.target = 0 WHERE  `p`.`type` = 0 [ RunTime:0.000188s ]

---------------------------------------------------------------
[ 2017-06-18T22:35:41+08:00 ] [ sql ] [ DB ] CONNECT:[ UseTime:0.000228s ] mysql:dbname=mycard;host=localhost;port=3306;charset=utf8
[ sql ] [ SQL ] SHOW COLUMNS FROM `tp_photo` [ RunTime:0.002301s ]
[ sql ] [ SQL ] SELECT * FROM `tp_photo` WHERE  `type` = 1 LIMIT 1 [ RunTime:0.000330s ]
[ sql ] [ SQL ] SHOW COLUMNS FROM `tp_images` [ RunTime:0.000434s ]
[ sql ] [ SQL ] SELECT * FROM `tp_images` WHERE  `target_id` = 4  AND `target` = 0 [ RunTime:0.000201s ]

---------------------------------------------------------------
[ 2017-06-18T22:36:01+08:00 ] [ sql ] [ DB ] CONNECT:[ UseTime:0.000225s ] mysql:dbname=mycard;host=localhost;port=3306;charset=utf8
[ sql ] [ SQL ] SHOW COLUMNS FROM `tp_photo` [ RunTime:0.000695s ]
[ sql ] [ SQL ] SELECT * FROM `tp_photo` WHERE  `type` = 2 LIMIT 1 [ RunTime:0.000168s ]
[ sql ] [ SQL ] SHOW COLUMNS FROM `tp_images` [ RunTime:0.000436s ]
[ sql ] [ SQL ] SELECT * FROM `tp_images` WHERE  `target_id` = 5  AND `target` = 0 [ RunTime:0.000122s ]

---------------------------------------------------------------
[ 2017-06-18T22:36:06+08:00 ] [ sql ] [ DB ] CONNECT:[ UseTime:0.000231s ] mysql:dbname=mycard;host=localhost;port=3306;charset=utf8
[ sql ] [ SQL ] SHOW COLUMNS FROM `tp_images` [ RunTime:0.000699s ]
[ sql ] [ SQL ] SELECT * FROM `tp_images` WHERE  `target` = 1 [ RunTime:0.000148s ]

---------------------------------------------------------------
[ 2017-06-18T22:37:14+08:00 ] [ sql ] [ DB ] CONNECT:[ UseTime:0.000321s ] mysql:dbname=mycard;host=localhost;port=3306;charset=utf8
[ sql ] [ SQL ] SHOW COLUMNS FROM `tp_weibo` [ RunTime:0.000910s ]
[ sql ] [ SQL ] SELECT * FROM `tp_weibo` ORDER BY id desc [ RunTime:0.000171s ]

---------------------------------------------------------------
[ 2017-06-18T22:37:31+08:00 ] [ sql ] [ DB ] CONNECT:[ UseTime:0.000246s ] mysql:dbname=mycard;host=localhost;port=3306;charset=utf8
[ sql ] [ SQL ] SHOW COLUMNS FROM `tp_movie` [ RunTime:0.000639s ]
[ sql ] [ SQL ] SELECT * FROM `tp_movie` ORDER BY id desc [ RunTime:0.000204s ]

---------------------------------------------------------------
