[ 2017-06-27T22:22:48+08:00 ] [ sql ] [ DB ] CONNECT:[ UseTime:0.000263s ] mysql:dbname=mycard;host=localhost;port=3306;charset=utf8
[ sql ] [ SQL ] SHOW COLUMNS FROM `tp_photo` [ RunTime:0.000664s ]
[ sql ] [ SQL ] SELECT `p`.`id`,`p`.`content`,`i`.`pic_url` FROM `tp_photo` `p` INNER JOIN `tp_images` `i` ON `p`.`id`=i.target_id and i.target = 0 WHERE  `p`.`type` = 0 [ RunTime:0.000163s ]

---------------------------------------------------------------
[ 2017-06-27T22:31:53+08:00 ] [ sql ] [ DB ] CONNECT:[ UseTime:0.000222s ] mysql:dbname=mycard;host=localhost;port=3306;charset=utf8
[ sql ] [ SQL ] SHOW COLUMNS FROM `tp_photo` [ RunTime:0.000668s ]
[ sql ] [ SQL ] SELECT `p`.`id`,`p`.`content`,`i`.`pic_url` FROM `tp_photo` `p` INNER JOIN `tp_images` `i` ON `p`.`id`=i.target_id and i.target = 0 WHERE  `p`.`type` = 0 [ RunTime:0.000160s ]

---------------------------------------------------------------
[ 2017-06-27T22:32:50+08:00 ] [ sql ] [ DB ] CONNECT:[ UseTime:0.000269s ] mysql:dbname=mycard;host=localhost;port=3306;charset=utf8
[ sql ] [ SQL ] SHOW COLUMNS FROM `tp_movie` [ RunTime:0.000667s ]
[ sql ] [ SQL ] SELECT * FROM `tp_movie` ORDER BY id desc [ RunTime:0.000199s ]

---------------------------------------------------------------
[ 2017-06-27T22:33:54+08:00 ] [ sql ] [ DB ] CONNECT:[ UseTime:0.000256s ] mysql:dbname=mycard;host=localhost;port=3306;charset=utf8
[ sql ] [ SQL ] SHOW COLUMNS FROM `tp_movie` [ RunTime:0.000673s ]
[ sql ] [ SQL ] SELECT * FROM `tp_movie` WHERE  `id` = 9 LIMIT 1 [ RunTime:0.000158s ]

---------------------------------------------------------------
[ 2017-06-27T22:34:14+08:00 ] [ sql ] [ DB ] CONNECT:[ UseTime:0.000259s ] mysql:dbname=mycard;host=localhost;port=3306;charset=utf8
[ sql ] [ SQL ] SHOW COLUMNS FROM `tp_movie` [ RunTime:0.000676s ]
[ sql ] [ SQL ] SELECT * FROM `tp_movie` WHERE  `id` = 8 LIMIT 1 [ RunTime:0.000184s ]

---------------------------------------------------------------
[ 2017-06-27T22:34:18+08:00 ] [ sql ] [ DB ] CONNECT:[ UseTime:0.000291s ] mysql:dbname=mycard;host=localhost;port=3306;charset=utf8
[ sql ] [ SQL ] SHOW COLUMNS FROM `tp_movie` [ RunTime:0.000703s ]
[ sql ] [ SQL ] SELECT * FROM `tp_movie` WHERE  `id` = 9 LIMIT 1 [ RunTime:0.000160s ]

---------------------------------------------------------------
[ 2017-06-27T22:38:32+08:00 ] [ sql ] [ DB ] CONNECT:[ UseTime:0.000251s ] mysql:dbname=mycard;host=localhost;port=3306;charset=utf8
[ sql ] [ SQL ] SHOW COLUMNS FROM `tp_movie` [ RunTime:0.000635s ]
[ sql ] [ SQL ] SELECT * FROM `tp_movie` WHERE  `id` = 9 LIMIT 1 [ RunTime:0.000283s ]

---------------------------------------------------------------
[ 2017-06-27T22:40:44+08:00 ] [ sql ] [ DB ] CONNECT:[ UseTime:0.000218s ] mysql:dbname=mycard;host=localhost;port=3306;charset=utf8
[ sql ] [ SQL ] SHOW COLUMNS FROM `tp_movie` [ RunTime:0.000728s ]
[ sql ] [ SQL ] SELECT * FROM `tp_movie` WHERE  `id` = 9 LIMIT 1 [ RunTime:0.000289s ]

---------------------------------------------------------------
[ 2017-06-27T22:40:54+08:00 ] [ sql ] [ DB ] CONNECT:[ UseTime:0.000221s ] mysql:dbname=mycard;host=localhost;port=3306;charset=utf8
[ sql ] [ SQL ] SHOW COLUMNS FROM `tp_movie` [ RunTime:0.000656s ]
[ sql ] [ SQL ] SELECT * FROM `tp_movie` WHERE  `id` = 7 LIMIT 1 [ RunTime:0.000339s ]

---------------------------------------------------------------
