[ 2017-06-30T15:23:23+08:00 ] [ sql ] [ DB ] CONNECT:[ UseTime:0.000291s ] mysql:dbname=mycard;host=localhost;port=3306;charset=utf8
[ sql ] [ SQL ] SHOW COLUMNS FROM `tp_admin` [ RunTime:0.000804s ]
[ sql ] [ SQL ] SELECT * FROM `tp_admin` WHERE  `user` = 'xiaofan'  AND `password` = 'e10adc3949ba59abbe56e057f20f883e' LIMIT 1 [ RunTime:0.000319s ]

---------------------------------------------------------------
[ 2017-06-30T15:23:27+08:00 ] [ error ] [8]未定义数组索引: user

---------------------------------------------------------------
[ 2017-06-30T15:23:35+08:00 ] [ sql ] [ DB ] CONNECT:[ UseTime:0.000266s ] mysql:dbname=mycard;host=localhost;port=3306;charset=utf8
[ sql ] [ SQL ] SHOW COLUMNS FROM `tp_admin` [ RunTime:0.000625s ]
[ sql ] [ SQL ] SELECT * FROM `tp_admin` WHERE  `user` = 'xiaofan'  AND `password` = 'd7624cf8d52f63739700a60f213b32e0' LIMIT 1 [ RunTime:0.000234s ]

---------------------------------------------------------------
[ 2017-06-30T15:23:42+08:00 ] [ sql ] [ DB ] CONNECT:[ UseTime:0.000252s ] mysql:dbname=mycard;host=localhost;port=3306;charset=utf8
[ sql ] [ SQL ] SHOW COLUMNS FROM `tp_weibo` [ RunTime:0.000664s ]
[ sql ] [ SQL ] SELECT COUNT(*) AS tp_count FROM `tp_weibo` LIMIT 1 [ RunTime:0.000135s ]
[ sql ] [ SQL ] SELECT * FROM `tp_weibo` ORDER BY id desc LIMIT 0,15 [ RunTime:0.000223s ]

---------------------------------------------------------------
[ 2017-06-30T15:24:45+08:00 ] [ sql ] [ DB ] CONNECT:[ UseTime:0.000226s ] mysql:dbname=mycard;host=localhost;port=3306;charset=utf8
[ sql ] [ SQL ] SHOW COLUMNS FROM `tp_weibo` [ RunTime:0.000772s ]
[ sql ] [ SQL ] INSERT INTO `tp_weibo` (`name` , `link` , `content`) VALUES ('' , '' , '最撕心裂肺的痛是，到头来我所做的一切都是徒劳——《嫌疑人X的献身》') [ RunTime:0.000677s ]

---------------------------------------------------------------
[ 2017-06-30T15:24:45+08:00 ] [ sql ] [ DB ] CONNECT:[ UseTime:0.000231s ] mysql:dbname=mycard;host=localhost;port=3306;charset=utf8
[ sql ] [ SQL ] SHOW COLUMNS FROM `tp_weibo` [ RunTime:0.000641s ]
[ sql ] [ SQL ] SELECT COUNT(*) AS tp_count FROM `tp_weibo` LIMIT 1 [ RunTime:0.000206s ]
[ sql ] [ SQL ] SELECT * FROM `tp_weibo` ORDER BY id desc LIMIT 0,15 [ RunTime:0.000178s ]

---------------------------------------------------------------
[ 2017-06-30T15:24:58+08:00 ] [ sql ] [ DB ] CONNECT:[ UseTime:0.000224s ] mysql:dbname=mycard;host=localhost;port=3306;charset=utf8
[ sql ] [ SQL ] SHOW COLUMNS FROM `tp_weibo` [ RunTime:0.000661s ]
[ sql ] [ SQL ] SELECT * FROM `tp_weibo` ORDER BY id desc [ RunTime:0.000238s ]

---------------------------------------------------------------
